Express server listening on port 3001
[0mGET / [32m200 [0m16.371 ms - 704[0m
[0mGET /stylesheets/style.css [32m200 [0m6.242 ms - 110[0m
[0mGET /favicon.ico [36m302 [0m7.415 ms - 44[0m
[0mGET /404.html [32m200 [0m1.559 ms - 4918[0m
[0mGET / [32m200 [0m7.322 ms - 704[0m
[0mGET /stylesheets/style.css [32m200 [0m4.728 ms - 110[0m
[0mGET /favicon.ico [36m302 [0m1.923 ms - 44[0m
[0mGET /404.html [32m200 [0m1.853 ms - 4918[0m
[0mPOST /create [36m302 [0m27.861 ms - 58[0m
[0mGET / [32m200 [0m3.514 ms - 1079[0m
[0mGET /stylesheets/style.css [36m304 [0m2.288 ms - -[0m
[0mGET /favicon.ico [36m302 [0m13.006 ms - 44[0m
[0mGET /404.html [36m304 [0m2.440 ms - -[0m
[0mGET / [32m200 [0m2.684 ms - 1079[0m
[0mGET /stylesheets/style.css [36m304 [0m0.614 ms - -[0m
[0mGET /favicon.ico [36m302 [0m0.717 ms - 44[0m
[0mGET /404.html [36m304 [0m0.712 ms - -[0m
[0mGET /favicon.ico [36m302 [0m1.681 ms - 44[0m
[0mGET /404.html [36m304 [0m0.832 ms - -[0m
[0mGET / [36m304 [0m4.878 ms - -[0m
[0mGET /stylesheets/style.css [36m304 [0m1.096 ms - -[0m
[0mGET /favicon.ico [36m302 [0m2.813 ms - 44[0m
[0mGET /404.html [36m304 [0m0.879 ms - -[0m
[0mGET / [36m304 [0m3.526 ms - -[0m
[0mGET /stylesheets/style.css [36m304 [0m0.922 ms - -[0m
[0mGET /favicon.ico [36m302 [0m1.123 ms - 44[0m
[0mGET /404.html [36m304 [0m1.384 ms - -[0m
[0mGET /destroy/5493270c0cf5223a2f000001 [36m302 [0m9.561 ms - 58[0m
[0mGET / [32m200 [0m1.317 ms - 704[0m
[0mGET /stylesheets/style.css [36m304 [0m1.022 ms - -[0m
[0mGET /favicon.ico [36m302 [0m1.008 ms - 44[0m
[0mGET /404.html [36m304 [0m1.750 ms - -[0m
[0mPOST /create [36m302 [0m4.369 ms - 58[0m
[0mGET / [32m200 [0m4.157 ms - 1079[0m
[0mGET /stylesheets/style.css [36m304 [0m2.193 ms - -[0m
[0mGET /favicon.ico [36m302 [0m1.054 ms - 44[0m
[0mGET /404.html [36m304 [0m0.788 ms - -[0m
[0mPOST /create [36m302 [0m2.372 ms - 58[0m
[0mGET / [32m200 [0m3.927 ms - 1535[0m
[0mGET /stylesheets/style.css [36m304 [0m0.784 ms - -[0m
[0mGET /favicon.ico [36m302 [0m0.878 ms - 44[0m
[0mGET /404.html [36m304 [0m4.241 ms - -[0m
[0mPOST /create [36m302 [0m2.480 ms - 58[0m
[0mGET / [32m200 [0m2.709 ms - 1964[0m
[0mGET /stylesheets/style.css [36m304 [0m0.933 ms - -[0m
[0mGET /favicon.ico [36m302 [0m0.970 ms - 44[0m
[0mGET /404.html [36m304 [0m0.907 ms - -[0m
[0mPOST /create [36m302 [0m3.101 ms - 58[0m
[0mGET / [32m200 [0m3.324 ms - 2369[0m
[0mGET /stylesheets/style.css [36m304 [0m1.057 ms - -[0m
[0mGET /favicon.ico [36m302 [0m1.190 ms - 44[0m
[0mGET /404.html [36m304 [0m1.225 ms - -[0m
[0mPOST /create [36m302 [0m4.425 ms - 58[0m
[0mGET / [32m200 [0m2.863 ms - 2744[0m
[0mGET /stylesheets/style.css [36m304 [0m0.890 ms - -[0m
[0mGET /favicon.ico [36m302 [0m0.916 ms - 44[0m
[0mGET /404.html [36m304 [0m0.984 ms - -[0m
[0mPOST /create [36m302 [0m2.111 ms - 58[0m
[0mGET / [32m200 [0m5.665 ms - 3134[0m
[0mGET /stylesheets/style.css [36m304 [0m0.849 ms - -[0m
[0mGET /favicon.ico [36m302 [0m1.416 ms - 44[0m
[0mGET /404.html [36m304 [0m0.893 ms - -[0m
[0mPOST /create [36m302 [0m3.172 ms - 58[0m
[0mGET / [32m200 [0m3.262 ms - 3482[0m
[0mGET /stylesheets/style.css [36m304 [0m0.894 ms - -[0m
[0mGET /favicon.ico [36m302 [0m1.420 ms - 44[0m
[0mGET /404.html [36m304 [0m0.812 ms - -[0m
[0mPOST /create [36m302 [0m2.873 ms - 58[0m
[0mGET / [32m200 [0m4.086 ms - 4004[0m
[0mGET /stylesheets/style.css [36m304 [0m0.804 ms - -[0m
[0mGET /favicon.ico [36m302 [0m1.008 ms - 44[0m
[0mGET /404.html [36m304 [0m0.785 ms - -[0m
[0mGET / [36m304 [0m4.633 ms - -[0m
[0mGET /stylesheets/style.css [36m304 [0m0.589 ms - -[0m
[0mGET /favicon.ico [36m302 [0m0.999 ms - 44[0m
[0mGET /404.html [36m304 [0m1.953 ms - -[0m
[0mPOST /create [36m302 [0m2.534 ms - 58[0m
[0mGET / [32m200 [0m4.427 ms - 4469[0m
[0mGET /stylesheets/style.css [36m304 [0m0.892 ms - -[0m
[0mGET /favicon.ico [36m302 [0m1.014 ms - 44[0m
[0mGET /404.html [36m304 [0m2.666 ms - -[0m
[0mPOST /create [36m302 [0m2.209 ms - 58[0m
[0mGET / [32m200 [0m4.637 ms - 4901[0m
[0mGET /stylesheets/style.css [36m304 [0m5.200 ms - -[0m
[0mGET /favicon.ico [36m302 [0m0.915 ms - 44[0m
[0mGET /404.html [36m304 [0m0.866 ms - -[0m
[0mPOST /create [36m302 [0m4.193 ms - 58[0m
[0mGET / [32m200 [0m3.584 ms - 5318[0m
[0mGET /stylesheets/style.css [36m304 [0m0.832 ms - -[0m
[0mGET /favicon.ico [36m302 [0m0.857 ms - 44[0m
[0mGET /404.html [36m304 [0m1.033 ms - -[0m
[0mPOST /create [36m302 [0m2.098 ms - 58[0m
[0mGET / [32m200 [0m3.521 ms - 5744[0m
[0mGET /stylesheets/style.css [36m304 [0m0.893 ms - -[0m
[0mGET /favicon.ico [36m302 [0m0.867 ms - 44[0m
[0mGET /404.html [36m304 [0m0.856 ms - -[0m
[0mPOST /create [36m302 [0m2.109 ms - 58[0m
[0mGET / [32m200 [0m4.752 ms - 6134[0m
[0mGET /stylesheets/style.css [36m304 [0m0.914 ms - -[0m
[0mGET /favicon.ico [36m302 [0m0.995 ms - 44[0m
[0mGET /404.html [36m304 [0m0.909 ms - -[0m
[0mPOST /create [36m302 [0m2.582 ms - 58[0m
[0mGET / [32m200 [0m8.055 ms - 7001[0m
[0mGET /stylesheets/style.css [36m304 [0m0.747 ms - -[0m
[0mGET /favicon.ico [36m302 [0m0.877 ms - 44[0m
[0mGET /404.html [36m304 [0m0.868 ms - -[0m
[0mPOST /create [36m302 [0m2.106 ms - 58[0m
[0mGET / [32m200 [0m5.076 ms - 7529[0m
[0mGET /stylesheets/style.css [36m304 [0m0.757 ms - -[0m
[0mGET /favicon.ico [36m302 [0m0.926 ms - 44[0m
[0mGET /404.html [36m304 [0m4.309 ms - -[0m
[0mPOST /create [36m302 [0m2.079 ms - 58[0m
[0mGET / [32m200 [0m3.937 ms - 8090[0m
[0mGET /stylesheets/style.css [36m304 [0m1.587 ms - -[0m
[0mGET /favicon.ico [36m302 [0m0.984 ms - 44[0m
[0mGET /404.html [36m304 [0m2.505 ms - -[0m
[0mPOST /create [36m302 [0m2.029 ms - 58[0m
[0mGET / [32m200 [0m4.319 ms - 8465[0m
[0mGET /stylesheets/style.css [36m304 [0m0.966 ms - -[0m
[0mGET /favicon.ico [36m302 [0m0.890 ms - 44[0m
[0mGET /404.html [36m304 [0m0.816 ms - -[0m
[0mPOST /create [36m302 [0m2.579 ms - 58[0m
[0mGET / [32m200 [0m7.543 ms - 8810[0m
[0mGET /stylesheets/style.css [36m304 [0m0.915 ms - -[0m
[0mGET /favicon.ico [36m302 [0m0.975 ms - 44[0m
[0mGET /404.html [36m304 [0m2.641 ms - -[0m
[0mPOST /create [36m302 [0m2.965 ms - 58[0m
[0mGET / [32m200 [0m4.499 ms - 9287[0m
[0mGET /stylesheets/style.css [36m304 [0m0.903 ms - -[0m
[0mGET /favicon.ico [36m302 [0m1.025 ms - 44[0m
[0mGET /404.html [36m304 [0m1.226 ms - -[0m
[0mPOST /create [36m302 [0m6.292 ms - 58[0m
[0mGET / [32m200 [0m2.541 ms - 9695[0m
[0mGET /stylesheets/style.css [36m304 [0m0.645 ms - -[0m
[0mGET /favicon.ico [36m302 [0m0.993 ms - 44[0m
[0mGET /404.html [36m304 [0m0.834 ms - -[0m
[0mPOST /create [36m302 [0m2.035 ms - 58[0m
[0mGET / [32m200 [0m4.604 ms - 10073[0m
[0mGET /stylesheets/style.css [36m304 [0m0.878 ms - -[0m
[0mGET /favicon.ico [36m302 [0m0.860 ms - 44[0m
[0mGET /404.html [36m304 [0m0.881 ms - -[0m
[0mPOST /create [36m302 [0m3.191 ms - 58[0m
[0mGET / [32m200 [0m4.410 ms - 10493[0m
[0mGET /stylesheets/style.css [36m304 [0m0.831 ms - -[0m
[0mGET /favicon.ico [36m302 [0m0.978 ms - 44[0m
[0mGET /404.html [36m304 [0m0.851 ms - -[0m
[0mPOST /create [36m302 [0m2.092 ms - 58[0m
[0mGET / [32m200 [0m4.884 ms - 10772[0m
[0mGET /stylesheets/style.css [36m304 [0m0.874 ms - -[0m
[0mGET /favicon.ico [36m302 [0m0.969 ms - 44[0m
[0mGET /404.html [36m304 [0m0.875 ms - -[0m
[0mGET /destroy/5493291a0cf5223a2f000018 [36m302 [0m3.247 ms - 58[0m
[0mGET / [32m200 [0m5.093 ms - 10493[0m
[0mGET /stylesheets/style.css [36m304 [0m0.734 ms - -[0m
[0mGET /favicon.ico [36m302 [0m0.807 ms - 44[0m
[0mGET /404.html [36m304 [0m2.188 ms - -[0m
[0mGET / [36m304 [0m11.887 ms - -[0m
[0mGET /stylesheets/style.css [36m304 [0m0.925 ms - -[0m
[0mGET /favicon.ico [36m302 [0m1.086 ms - 44[0m
[0mGET /404.html [36m304 [0m0.811 ms - -[0m
[0mGET / [32m200 [0m5.767 ms - 10493[0m
[0mGET /stylesheets/style.css [32m200 [0m2.467 ms - 110[0m
[0mGET /favicon.ico [36m302 [0m0.829 ms - 44[0m
[0mGET /404.html [32m200 [0m1.338 ms - 4918[0m
[0mGET / [32m200 [0m5.108 ms - 10493[0m
[0mGET /stylesheets/style.css [32m200 [0m1.491 ms - 110[0m
[0mGET /favicon.ico [36m302 [0m0.974 ms - 44[0m
[0mGET /404.html [32m200 [0m1.448 ms - 4918[0m
[0mGET / [32m200 [0m5.308 ms - 10493[0m
[0mPOST /create [36m302 [0m2.466 ms - 58[0m
[0mGET / [32m200 [0m5.134 ms - 10778[0m
[0mGET /stylesheets/style.css [36m304 [0m0.861 ms - -[0m
[0mGET /favicon.ico [36m302 [0m0.815 ms - 44[0m
[0mGET /404.html [36m304 [0m0.828 ms - -[0m
[0mGET /hi [36m302 [0m2.179 ms - 76[0m
[0mGET /404.html [36m304 [0m1.002 ms - -[0m
[0mGET /404/analytics.js [33m404 [0m3.061 ms - 29[0m
[0mGET /404/site.js [33m404 [0m0.962 ms - 24[0m
[0mGET /404/gtm.js [33m404 [0m0.900 ms - 23[0m
[0mGET /assets/css/icons-data-svg.css?19e5c2ec [33m404 [0m1.062 ms - 51[0m
[0mGET /destroy/5493ad0e0cf5223a2f000019 [36m302 [0m4.778 ms - 58[0m
[0mGET / [32m200 [0m4.748 ms - 10493[0m
[0mGET /stylesheets/style.css [36m304 [0m0.906 ms - -[0m
[0mGET /favicon.ico [36m302 [0m1.675 ms - 44[0m
[0mGET /404.html [36m304 [0m0.846 ms - -[0m
[0mPOST /create [36m302 [0m5.407 ms - 58[0m
[0mGET / [32m200 [0m5.346 ms - 10808[0m
[0mGET /stylesheets/style.css [36m304 [0m2.687 ms - -[0m
[0mGET /favicon.ico [36m302 [0m0.998 ms - 44[0m
[0mGET /404.html [36m304 [0m0.843 ms - -[0m
[0mGET / [32m200 [0m5.466 ms - 10808[0m
[0mGET /stylesheets/style.css [32m200 [0m1.426 ms - 110[0m
[0mGET /favicon.ico [36m302 [0m0.878 ms - 44[0m
[0mGET /404.html [32m200 [0m1.279 ms - 4918[0m
[0mGET / [36m304 [0m5.192 ms - -[0m
[0mGET /stylesheets/style.css [36m304 [0m0.877 ms - -[0m
[0mGET /favicon.ico [36m302 [0m0.957 ms - 44[0m
[0mGET /404.html [36m304 [0m0.849 ms - -[0m
[0mGET / [32m200 [0m4.018 ms - 10808[0m
[0mGET /stylesheets/style.css [32m200 [0m1.740 ms - 110[0m
[0mGET /favicon.ico [36m302 [0m0.853 ms - 44[0m
[0mGET /404.html [32m200 [0m0.573 ms - 4918[0m
[0mGET / [32m200 [0m4.879 ms - 10808[0m
[0mGET /stylesheets/style.css [32m200 [0m1.148 ms - 110[0m
[0mGET /favicon.ico [36m302 [0m0.752 ms - 44[0m
[0mGET /404.html [32m200 [0m1.294 ms - 4918[0m
[0mGET /%E5%93%88%E5%9B%89%E4%BD%A0%E5%A5%BD [36m302 [0m2.526 ms - 76[0m
[0mGET /404.html [32m200 [0m1.169 ms - 4918[0m
[0mGET /404/site.js [33m404 [0m0.719 ms - 24[0m
[0mGET /404/analytics.js [33m404 [0m0.744 ms - 29[0m
[0mGET /404/gtm.js [33m404 [0m5.371 ms - 23[0m
[0mGET /assets/css/icons-data-svg.css?19e5c2ec [33m404 [0m2.159 ms - 51[0m
[0mPOST /create [36m302 [0m2.713 ms - 58[0m
[0mGET / [32m200 [0m5.627 ms - 11108[0m
[0mGET /stylesheets/style.css [36m304 [0m2.752 ms - -[0m
[0mGET /destroy/5493ae0d0cf5223a2f00001b [36m302 [0m2.697 ms - 58[0m
[0mGET / [32m200 [0m4.744 ms - 10808[0m
[0mGET /stylesheets/style.css [36m304 [0m0.759 ms - -[0m
[0mPOST /create [36m302 [0m11.660 ms - 58[0m
[0mGET / [32m200 [0m4.900 ms - 11114[0m
[0mGET /stylesheets/style.css [36m304 [0m0.747 ms - -[0m
[0mGET / [32m200 [0m8.152 ms - 11114[0m
[0mGET /stylesheets/style.css [32m200 [0m1.389 ms - 110[0m
[0mGET /favicon.ico [36m302 [0m0.963 ms - 44[0m
[0mGET /404.html [32m200 [0m1.394 ms - 4918[0m
[0mPOST /create [36m302 [0m2.323 ms - 58[0m
[0mGET / [32m200 [0m5.156 ms - 11402[0m
[0mGET /stylesheets/style.css [36m304 [0m0.767 ms - -[0m
[0mGET /%E5%93%88%E5%9B%89%E4%BD%A0%E5%A5%BD [36m302 [0m1.062 ms - 76[0m
[0mGET /404.html [36m304 [0m1.247 ms - -[0m
[0mGET /404/analytics.js [33m404 [0m0.882 ms - 29[0m
[0mGET /404/site.js [33m404 [0m0.727 ms - 24[0m
[0mGET /404/gtm.js [33m404 [0m0.782 ms - 23[0m
[0mGET /assets/css/icons-data-svg.css?19e5c2ec [33m404 [0m0.936 ms - 51[0m
[0mGET / [32m200 [0m5.338 ms - 11402[0m
[0mGET /stylesheets/style.css [32m200 [0m1.342 ms - 110[0m
[0mGET /favicon.ico [36m302 [0m0.793 ms - 44[0m
[0mGET /404.html [32m200 [0m1.300 ms - 4918[0m
[0mGET /%E5%93%88%E5%9B%89%E4%BD%A0%E5%A5%BD [36m302 [0m1.195 ms - 76[0m
[0mGET /404.html [32m200 [0m1.414 ms - 4918[0m
[0mGET /404/site.js [33m404 [0m0.925 ms - 24[0m
[0mGET /404/analytics.js [33m404 [0m0.839 ms - 29[0m
[0mGET /404/gtm.js [33m404 [0m0.818 ms - 23[0m
[0mGET /assets/css/icons-data-svg.css?19e5c2ec [33m404 [0m0.866 ms - 51[0m
[0mGET / [32m200 [0m6.657 ms - 11402[0m
[0mGET /stylesheets/style.css [32m200 [0m1.207 ms - 110[0m
[0mGET /favicon.ico [36m302 [0m0.812 ms - 44[0m
[0mGET /404.html [32m200 [0m1.522 ms - 4918[0m
[0mGET /%E6%88%91%E5%A5%BD%E9%AB%98 [36m302 [0m3.030 ms - 76[0m
[0mGET /404.html [36m304 [0m0.495 ms - -[0m
[0mGET /404/analytics.js [33m404 [0m4.425 ms - 29[0m
[0mGET /404/gtm.js [33m404 [0m0.830 ms - 23[0m
[0mGET /404/site.js [33m404 [0m0.714 ms - 24[0m
[0mGET /assets/css/icons-data-svg.css?19e5c2ec [33m404 [0m0.844 ms - 51[0m
[0mGET / [32m200 [0m6.640 ms - 11402[0m
[0mGET /stylesheets/style.css [32m200 [0m1.312 ms - 110[0m
[0mGET /favicon.ico [36m302 [0m0.903 ms - 44[0m
[0mGET /404.html [32m200 [0m1.282 ms - 4918[0m
[0mGET /%E6%88%91%E5%A5%BD%E9%AB%98 [36m302 [0m0.905 ms - 76[0m
[0mGET /404.html [36m304 [0m0.733 ms - -[0m
[0mGET /404/analytics.js [33m404 [0m0.655 ms - 29[0m
[0mGET /404/site.js [33m404 [0m0.754 ms - 24[0m
[0mGET /404/gtm.js [33m404 [0m3.118 ms - 23[0m
[0mGET /assets/css/icons-data-svg.css?19e5c2ec [33m404 [0m2.138 ms - 51[0m
[0mGET /%E8%80%B6 [36m302 [0m1.140 ms - 76[0m
[0mGET /404.html [36m304 [0m0.779 ms - -[0m
[0mGET /404/analytics.js [33m404 [0m0.892 ms - 29[0m
[0mGET /404/gtm.js [33m404 [0m0.744 ms - 23[0m
[0mGET /assets/css/icons-data-svg.css?19e5c2ec [33m404 [0m0.791 ms - 51[0m
[0mGET /404/site.js [33m404 [0m4.433 ms - 24[0m
[0mPOST /create [36m302 [0m2.875 ms - 58[0m
[0mGET / [32m200 [0m11.458 ms - 11756[0m
[0mGET /stylesheets/style.css [36m304 [0m0.868 ms - -[0m
[0mGET /favicon.ico [36m302 [0m0.997 ms - 44[0m
[0mGET /404.html [36m304 [0m1.281 ms - -[0m
[0mGET /destroy/549328140cf5223a2f000002 [36m302 [0m3.112 ms - 58[0m
[0mGET / [32m200 [0m6.867 ms - 11381[0m
[0mGET /stylesheets/style.css [36m304 [0m0.839 ms - -[0m
[0mGET /favicon.ico [36m302 [0m1.441 ms - 44[0m
[0mGET /404.html [36m304 [0m1.002 ms - -[0m
[0mGET /stylesheets/style.css [36m304 [0m3.396 ms - -[0m
[0mGET /favicon.ico [36m302 [0m1.790 ms - 44[0m
[0mGET /404.html [36m304 [0m0.835 ms - -[0m
[0mGET / [32m200 [0m6.173 ms - 11381[0m
[0mGET /stylesheets/style.css [32m200 [0m2.621 ms - 110[0m
[0mGET /favicon.ico [36m302 [0m1.208 ms - 44[0m
[0mGET /404.html [32m200 [0m1.577 ms - 4918[0m
[0mGET / [32m200 [0m6.780 ms - 11381[0m
[0mGET /stylesheets/style.css [32m200 [0m1.292 ms - 110[0m
[0mGET /favicon.ico [36m302 [0m1.426 ms - 44[0m
[0mGET /404.html [32m200 [0m1.058 ms - 4918[0m
[0mPOST /create [36m302 [0m3.996 ms - 58[0m
[0mGET / [32m200 [0m6.679 ms - 11669[0m
[0mGET /stylesheets/style.css [36m304 [0m0.685 ms - -[0m
[0mGET /favicon.ico [36m302 [0m0.845 ms - 44[0m
[0mGET /404.html [36m304 [0m0.748 ms - -[0m
[0mGET /destroy/5493b30d0cf5223a2f00001f [36m302 [0m4.000 ms - 58[0m
[0mGET / [32m200 [0m6.162 ms - 11381[0m
[0mGET /stylesheets/style.css [36m304 [0m0.810 ms - -[0m
[0mGET /favicon.ico [36m302 [0m0.899 ms - 44[0m
[0mGET /404.html [36m304 [0m1.175 ms - -[0m
[0mPOST /create [36m302 [0m2.105 ms - 58[0m
[0mGET / [32m200 [0m7.455 ms - 11669[0m
[0mGET /stylesheets/style.css [36m304 [0m0.756 ms - -[0m
[0mGET /favicon.ico [36m302 [0m0.878 ms - 44[0m
[0mGET /404.html [36m304 [0m0.734 ms - -[0m
[0mGET /destroy/5493b3200cf5223a2f000020 [36m302 [0m3.125 ms - 58[0m
[0mGET / [32m200 [0m9.160 ms - 11381[0m
[0mGET /stylesheets/style.css [36m304 [0m0.808 ms - -[0m
[0mGET /favicon.ico [36m302 [0m0.807 ms - 44[0m
[0mGET /404.html [36m304 [0m0.725 ms - -[0m
[0mGET / [32m200 [0m6.754 ms - 11381[0m
[0mGET /stylesheets/style.css [32m200 [0m1.236 ms - 110[0m
[0mGET /%E5%93%88%E5%9B%89%E4%BD%A0%E5%A5%BD [36m302 [0m1.675 ms - 76[0m
[0mGET /404.html [32m200 [0m1.795 ms - 4918[0m
[0mGET /404/analytics.js [33m404 [0m1.040 ms - 29[0m
[0mGET /404/gtm.js [33m404 [0m0.866 ms - 23[0m
[0mGET /404/site.js [33m404 [0m1.277 ms - 24[0m
[0mGET /assets/css/icons-data-svg.css?19e5c2ec [33m404 [0m1.229 ms - 51[0m
[0mGET / [36m304 [0m5.242 ms - -[0m
[0mGET /stylesheets/style.css [36m304 [0m0.869 ms - -[0m
[0mGET /favicon.ico [36m302 [0m1.328 ms - 44[0m
[0mGET /404.html [36m304 [0m0.968 ms - -[0m
[0mGET / [32m200 [0m7.084 ms - 11381[0m
[0mGET /stylesheets/style.css [32m200 [0m1.226 ms - 110[0m
[0mGET /favicon.ico [36m302 [0m1.357 ms - 44[0m
[0mGET /404.html [32m200 [0m1.647 ms - 4918[0m
[0mGET / [32m200 [0m8.318 ms - 11381[0m
[0mGET /stylesheets/style.css [32m200 [0m2.491 ms - 110[0m
[0mGET /favicon.ico [36m302 [0m1.378 ms - 44[0m
[0mGET /404.html [32m200 [0m1.485 ms - 4918[0m
[0mGET /%E6%88%91%E5%A5%BD%E9%AB%98 [36m302 [0m1.497 ms - 76[0m
[0mGET /404.html [36m304 [0m0.901 ms - -[0m
[0mGET /404/analytics.js [33m404 [0m0.922 ms - 29[0m
[0mGET /404/gtm.js [33m404 [0m1.488 ms - 23[0m
[0mGET /404/site.js [33m404 [0m1.311 ms - 24[0m
[0mGET /assets/css/icons-data-svg.css?19e5c2ec [33m404 [0m1.284 ms - 51[0m
[0mGET / [32m200 [0m6.740 ms - 11381[0m
[0mGET /stylesheets/style.css [32m200 [0m1.628 ms - 110[0m
[0mGET /favicon.ico [36m302 [0m1.352 ms - 44[0m
[0mGET /404.html [32m200 [0m1.519 ms - 4918[0m
[0mGET / [32m200 [0m7.375 ms - 11381[0m
[0mGET /stylesheets/style.css [32m200 [0m1.091 ms - 110[0m
[0mGET /favicon.ico [36m302 [0m1.260 ms - 44[0m
[0mGET /404.html [32m200 [0m2.170 ms - 4918[0m
[0mPOST /create [36m302 [0m2.752 ms - 58[0m
[0mGET / [32m200 [0m9.994 ms - 11702[0m
[0mGET /stylesheets/style.css [36m304 [0m0.873 ms - -[0m
[0mGET /favicon.ico [36m302 [0m0.965 ms - 44[0m
[0mGET /404.html [36m304 [0m0.810 ms - -[0m
[0mGET / [36m304 [0m7.173 ms - -[0m
[0mGET /stylesheets/style.css [36m304 [0m0.920 ms - -[0m
[0mGET /favicon.ico [36m302 [0m1.135 ms - 44[0m
[0mGET /404.html [36m304 [0m0.890 ms - -[0m
[0mPOST /create [36m302 [0m3.690 ms - 58[0m
[0mGET / [32m200 [0m19.877 ms - 12023[0m
[0mGET /stylesheets/style.css [36m304 [0m1.053 ms - -[0m
[0mGET /favicon.ico [36m302 [0m1.011 ms - 44[0m
[0mGET /404.html [36m304 [0m0.637 ms - -[0m
[0mGET / [36m304 [0m5.921 ms - -[0m
[0mGET /stylesheets/style.css [36m304 [0m0.711 ms - -[0m
[0mGET /favicon.ico [36m302 [0m0.915 ms - 44[0m
[0mGET /404.html [36m304 [0m0.722 ms - -[0m
[0mGET /favicon.ico [36m302 [0m0.952 ms - 44[0m
[0mGET /404.html [36m304 [0m0.737 ms - -[0m
[0mGET / [32m200 [0m5.721 ms - 12023[0m
[0mGET /stylesheets/style.css [32m200 [0m1.198 ms - 110[0m
[0mGET /favicon.ico [36m302 [0m0.756 ms - 44[0m
[0mGET /404.html [32m200 [0m2.189 ms - 4918[0m
[0mGET / [36m304 [0m4.739 ms - -[0m
[0mGET /stylesheets/style.css [36m304 [0m0.691 ms - -[0m
[0mGET /favicon.ico [36m302 [0m0.755 ms - 44[0m
[0mGET /404.html [36m304 [0m0.703 ms - -[0m
[0mGET /favicon.ico [36m302 [0m0.884 ms - 44[0m
[0mGET /404.html [36m304 [0m0.774 ms - -[0m
[0mGET /stylesheets/style.css [36m304 [0m0.842 ms - -[0m
[0mGET /destroy/5493284a0cf5223a2f000005 [36m302 [0m2.867 ms - 58[0m
[0mGET / [32m200 [0m4.765 ms - 11618[0m
[0mGET /stylesheets/style.css [36m304 [0m0.823 ms - -[0m
[0mGET /favicon.ico [36m302 [0m0.649 ms - 44[0m
[0mGET /404.html [36m304 [0m0.671 ms - -[0m
[0mGET /%E5%93%88%E5%9B%89%E4%BD%A0%E5%A5%BD [36m302 [0m1.023 ms - 76[0m
[0mGET /404.html [36m304 [0m0.707 ms - -[0m
[0mGET /404/analytics.js [33m404 [0m0.918 ms - 29[0m
[0mGET /404/site.js [33m404 [0m0.716 ms - 24[0m
[0mGET /404/gtm.js [33m404 [0m0.726 ms - 23[0m
[0mGET /assets/css/icons-data-svg.css?19e5c2ec [33m404 [0m0.864 ms - 51[0m
[0mGET /%E6%88%91%E5%A5%BD%E9%AB%98 [36m302 [0m1.042 ms - 76[0m
[0mGET /404.html [36m304 [0m1.192 ms - -[0m
[0mGET /404/gtm.js [33m404 [0m2.539 ms - 23[0m
[0mGET /404/analytics.js [33m404 [0m0.788 ms - 29[0m
[0mGET /assets/css/icons-data-svg.css?19e5c2ec [33m404 [0m0.787 ms - 51[0m
[0mGET /404/site.js [33m404 [0m1.316 ms - 24[0m
[0mGET /%E8%80%B6 [36m302 [0m3.465 ms - 76[0m
[0mGET /404.html [36m304 [0m0.643 ms - -[0m
[0mGET /404/analytics.js [33m404 [0m0.753 ms - 29[0m
[0mGET /404/gtm.js [33m404 [0m0.723 ms - 23[0m
[0mGET /404/site.js [33m404 [0m0.634 ms - 24[0m
[0mGET /assets/css/icons-data-svg.css?19e5c2ec [33m404 [0m0.744 ms - 51[0m
[0mGET /favicon.ico [36m302 [0m0.925 ms - 44[0m
[0mGET /404.html [36m304 [0m0.791 ms - -[0m
[0mGET / [36m304 [0m5.938 ms - -[0m
[0mGET /stylesheets/style.css [36m304 [0m0.867 ms - -[0m
[0mGET /favicon.ico [36m302 [0m0.817 ms - 44[0m
[0mGET /404.html [36m304 [0m0.763 ms - -[0m
[0mGET / [36m304 [0m4.964 ms - -[0m
[0mGET /stylesheets/style.css [36m304 [0m0.645 ms - -[0m
[0mGET /favicon.ico [36m302 [0m0.823 ms - 44[0m
[0mGET /404.html [36m304 [0m0.724 ms - -[0m
[0mGET / [32m200 [0m5.133 ms - 11618[0m
[0mGET /stylesheets/style.css [32m200 [0m1.246 ms - 110[0m
[0mGET /favicon.ico [36m302 [0m0.767 ms - 44[0m
[0mGET /404.html [32m200 [0m1.159 ms - 4918[0m
[0mGET / [32m200 [0m5.148 ms - 11618[0m
[0mGET /stylesheets/style.css [36m304 [0m0.789 ms - -[0m
[0mGET /favicon.ico [36m302 [0m0.875 ms - 44[0m
[0mGET /404.html [36m304 [0m0.711 ms - -[0m
[0mGET /%E5%93%88%E5%9B%89%E4%BD%A0%E5%A5%BD [36m302 [0m1.041 ms - 76[0m
[0mGET /404.html [36m304 [0m0.689 ms - -[0m
[0mGET /404/analytics.js [33m404 [0m0.751 ms - 29[0m
[0mGET /404/site.js [33m404 [0m0.719 ms - 24[0m
[0mGET /404/gtm.js [33m404 [0m0.733 ms - 23[0m
[0mGET /assets/css/icons-data-svg.css?19e5c2ec [33m404 [0m0.881 ms - 51[0m
[0mGET / [32m200 [0m5.020 ms - 11618[0m
[0mGET /stylesheets/style.css [32m200 [0m1.316 ms - 110[0m
[0mGET /favicon.ico [36m302 [0m0.847 ms - 44[0m
[0mGET /404.html [32m200 [0m1.308 ms - 4918[0m
[0mPOST /create [36m302 [0m6.425 ms - 58[0m
[0mGET / [32m200 [0m7.249 ms - 11900[0m
[0mGET /stylesheets/style.css [36m304 [0m0.792 ms - -[0m
[0mGET /favicon.ico [36m302 [0m1.273 ms - 44[0m
[0mGET /404.html [36m304 [0m0.771 ms - -[0m
[0mGET /destroy/5493ae1b0cf5223a2f00001c [36m302 [0m5.455 ms - 58[0m
[0mGET / [32m200 [0m5.302 ms - 11594[0m
[0mGET /stylesheets/style.css [36m304 [0m0.623 ms - -[0m
[0mGET /favicon.ico [36m302 [0m0.790 ms - 44[0m
[0mGET /404.html [36m304 [0m0.604 ms - -[0m
[0mGET /favicon.ico [36m302 [0m0.984 ms - 44[0m
[0mGET /404.html [36m304 [0m0.579 ms - -[0m
[0mGET /favicon.ico [36m302 [0m0.879 ms - 44[0m
[0mGET /404.html [36m304 [0m0.630 ms - -[0m
[0mGET /favicon.ico [36m302 [0m0.962 ms - 44[0m
[0mGET /404.html [36m304 [0m0.687 ms - -[0m
[0mGET / [32m200 [0m5.011 ms - 11594[0m
[0mGET /stylesheets/style.css [32m200 [0m1.211 ms - 110[0m
[0mGET /favicon.ico [36m302 [0m0.741 ms - 44[0m
[0mGET /404.html [32m200 [0m1.299 ms - 4918[0m
[0mGET /%E5%93%88%E5%9B%89%E4%BD%A0%E5%A5%BD [36m302 [0m1.033 ms - 76[0m
[0mGET /404.html [36m304 [0m0.738 ms - -[0m
[0mGET /404/analytics.js [33m404 [0m0.734 ms - 29[0m
[0mGET /404/site.js [33m404 [0m0.725 ms - 24[0m
[0mGET /404/gtm.js [33m404 [0m0.688 ms - 23[0m
[0mGET /assets/css/icons-data-svg.css?19e5c2ec [33m404 [0m0.811 ms - 51[0m
[0mGET /%E8%80%B6 [36m302 [0m1.090 ms - 76[0m
[0mGET /404.html [36m304 [0m1.942 ms - -[0m
[0mGET /404/gtm.js [33m404 [0m0.754 ms - 23[0m
[0mGET /404/analytics.js [33m404 [0m0.738 ms - 29[0m
[0mGET /assets/css/icons-data-svg.css?19e5c2ec [33m404 [0m3.133 ms - 51[0m
[0mGET /404/site.js [33m404 [0m1.037 ms - 24[0m
[0mGET / [32m200 [0m5.016 ms - 11594[0m
[0mGET /stylesheets/style.css [32m200 [0m1.105 ms - 110[0m
[0mGET /favicon.ico [36m302 [0m0.771 ms - 44[0m
[0mGET /404.html [32m200 [0m1.293 ms - 4918[0m
[0mGET /destroy/5493ce700cf5223a2f000023 [36m302 [0m2.841 ms - 58[0m
[0mGET / [32m200 [0m3.977 ms - 11312[0m
[0mGET /stylesheets/style.css [36m304 [0m0.790 ms - -[0m
[0mGET /favicon.ico [36m302 [0m0.846 ms - 44[0m
[0mGET /404.html [36m304 [0m0.695 ms - -[0m
[0mGET /%E5%93%88%E5%9B%89%E4%BD%A0%E5%A5%BD [36m302 [0m0.936 ms - 76[0m
[0mGET /404.html [36m304 [0m0.699 ms - -[0m
[0mGET /404/analytics.js [33m404 [0m0.716 ms - 29[0m
[0mGET /404/site.js [33m404 [0m0.710 ms - 24[0m
[0mGET /404/gtm.js [33m404 [0m0.601 ms - 23[0m
[0mGET /assets/css/icons-data-svg.css?19e5c2ec [33m404 [0m0.829 ms - 51[0m
[0mPOST /create [36m302 [0m2.280 ms - 58[0m
[0mGET / [32m200 [0m4.966 ms - 11600[0m
[0mGET /stylesheets/style.css [36m304 [0m0.762 ms - -[0m
[0mGET /favicon.ico [36m302 [0m0.834 ms - 44[0m
[0mGET /404.html [36m304 [0m0.642 ms - -[0m
[0mGET / [36m304 [0m4.949 ms - -[0m
[0mGET /stylesheets/style.css [36m304 [0m0.683 ms - -[0m
[0mGET /favicon.ico [36m302 [0m0.904 ms - 44[0m
[0mGET /404.html [36m304 [0m0.724 ms - -[0m
[0mPOST /create [36m302 [0m1.986 ms - 58[0m
[0mGET / [32m200 [0m5.092 ms - 11897[0m
[0mGET /stylesheets/style.css [36m304 [0m0.762 ms - -[0m
[0mGET /favicon.ico [36m302 [0m0.832 ms - 44[0m
[0mGET /404.html [36m304 [0m0.757 ms - -[0m
[0mGET / [36m304 [0m5.005 ms - -[0m
[0mGET /stylesheets/style.css [36m304 [0m0.838 ms - -[0m
[0mGET /favicon.ico [36m302 [0m0.894 ms - 44[0m
[0mGET /404.html [36m304 [0m0.661 ms - -[0m
[0mGET / [36m304 [0m5.001 ms - -[0m
[0mGET /stylesheets/style.css [36m304 [0m0.781 ms - -[0m
[0mGET /favicon.ico [36m302 [0m2.920 ms - 44[0m
[0mGET /404.html [36m304 [0m0.666 ms - -[0m
[0mGET /destroy/5493d2b50cf5223a2f000024 [36m302 [0m2.761 ms - 58[0m
[0mGET / [32m200 [0m5.690 ms - 11609[0m
[0mGET /stylesheets/style.css [36m304 [0m0.864 ms - -[0m
[0mGET /favicon.ico [36m302 [0m0.800 ms - 44[0m
[0mGET /404.html [36m304 [0m0.619 ms - -[0m
[0mGET /destroy/5493d2c90cf5223a2f000025 [36m302 [0m8.379 ms - 58[0m
[0mGET / [32m200 [0m4.785 ms - 11312[0m
[0mGET /stylesheets/style.css [36m304 [0m0.749 ms - -[0m
[0mGET /favicon.ico [36m302 [0m0.734 ms - 44[0m
[0mGET /404.html [36m304 [0m0.753 ms - -[0m
[0mPOST /create [36m302 [0m2.042 ms - 58[0m
[0mGET / [32m200 [0m4.891 ms - 11594[0m
[0mGET /stylesheets/style.css [36m304 [0m0.750 ms - -[0m
[0mGET /favicon.ico [36m302 [0m0.758 ms - 44[0m
[0mGET /404.html [36m304 [0m0.763 ms - -[0m
[0mPOST /create [36m302 [0m1.988 ms - 58[0m
[0mGET / [32m200 [0m4.961 ms - 11876[0m
[0mGET /stylesheets/style.css [36m304 [0m0.753 ms - -[0m
[0mGET /favicon.ico [36m302 [0m0.831 ms - 44[0m
[0mGET /404.html [36m304 [0m0.749 ms - -[0m
[0mPOST /create [36m302 [0m1.980 ms - 58[0m
[0mGET / [32m200 [0m4.924 ms - 12173[0m
[0mGET /stylesheets/style.css [36m304 [0m0.791 ms - -[0m
[0mGET /favicon.ico [36m302 [0m0.849 ms - 44[0m
[0mGET /404.html [36m304 [0m2.973 ms - -[0m
[0mPOST /create [36m302 [0m1.976 ms - 58[0m
[0mGET / [32m200 [0m5.252 ms - 12740[0m
[0mGET /stylesheets/style.css [36m304 [0m0.801 ms - -[0m
[0mGET /favicon.ico [36m302 [0m1.371 ms - 44[0m
[0mGET /404.html [36m304 [0m0.657 ms - -[0m
[0mPOST /create [36m302 [0m1.820 ms - 58[0m
[0mGET / [32m200 [0m5.394 ms - 13040[0m
[0mGET /stylesheets/style.css [36m304 [0m0.857 ms - -[0m
[0mGET /favicon.ico [36m302 [0m0.874 ms - 44[0m
[0mGET /404.html [36m304 [0m0.587 ms - -[0m
[0mPOST /create [36m302 [0m1.931 ms - 58[0m
[0mGET / [32m200 [0m5.163 ms - 13343[0m
[0mGET /stylesheets/style.css [36m304 [0m0.754 ms - -[0m
[0mGET /favicon.ico [36m302 [0m1.364 ms - 44[0m
[0mGET /404.html [36m304 [0m0.645 ms - -[0m
[0mPOST /create [36m302 [0m2.724 ms - 58[0m
[0mGET / [32m200 [0m5.483 ms - 13646[0m
[0mGET /stylesheets/style.css [36m304 [0m0.768 ms - -[0m
[0mGET /favicon.ico [36m302 [0m0.851 ms - 44[0m
[0mGET /404.html [36m304 [0m0.758 ms - -[0m
[0mPOST /create [36m302 [0m1.867 ms - 58[0m
[0mGET / [32m200 [0m5.009 ms - 13958[0m
[0mGET /stylesheets/style.css [36m304 [0m0.527 ms - -[0m
[0mGET /favicon.ico [36m302 [0m0.764 ms - 44[0m
[0mGET /404.html [36m304 [0m0.732 ms - -[0m
[0mGET /stylesheets/style.css [36m304 [0m0.918 ms - -[0m
[0mGET /%22) [36m302 [0m1.154 ms - 76[0m
[0mGET /404.html [36m304 [0m0.754 ms - -[0m
[0mGET /404/site.js [33m404 [0m0.789 ms - 24[0m
[0mGET /404/analytics.js [33m404 [0m0.767 ms - 29[0m
[0mGET /404/gtm.js [33m404 [0m0.727 ms - 23[0m
[0mGET /assets/css/icons-data-svg.css?19e5c2ec [33m404 [0m0.712 ms - 51[0m
[0mPOST /create [36m302 [0m1.981 ms - 58[0m
[0mGET / [32m200 [0m5.872 ms - 14333[0m
[0mGET /stylesheets/style.css [36m304 [0m0.853 ms - -[0m
[0mGET /favicon.ico [36m302 [0m0.827 ms - 44[0m
[0mGET /404.html [36m304 [0m0.743 ms - -[0m
[0mPOST /create [36m302 [0m2.949 ms - 58[0m
[0mGET / [32m200 [0m6.027 ms - 16790[0m
[0mGET /stylesheets/style.css [36m304 [0m0.694 ms - -[0m
[0mGET /favicon.ico [36m302 [0m0.849 ms - 44[0m
[0mGET /404.html [36m304 [0m0.701 ms - -[0m
[0mPOST /create [36m302 [0m1.991 ms - 58[0m
[0mGET / [32m200 [0m6.062 ms - 17075[0m
[0mGET /stylesheets/style.css [36m304 [0m0.745 ms - -[0m
[0mGET /favicon.ico [36m302 [0m0.830 ms - 44[0m
[0mGET /404.html [36m304 [0m0.719 ms - -[0m
[0mGET / [36m304 [0m6.282 ms - -[0m
[0mGET /stylesheets/style.css [36m304 [0m0.713 ms - -[0m
[0mGET /favicon.ico [36m302 [0m0.833 ms - 44[0m
[0mGET /404.html [36m304 [0m0.637 ms - -[0m
[0mGET /favicon.ico [36m302 [0m3.143 ms - 44[0m
[0mGET /404.html [36m304 [0m0.666 ms - -[0m
[0mPOST /create [36m302 [0m1.958 ms - 58[0m
[0mGET / [32m200 [0m6.230 ms - 17495[0m
[0mGET /stylesheets/style.css [36m304 [0m0.739 ms - -[0m
[0mGET /favicon.ico [36m302 [0m0.830 ms - 44[0m
[0mGET /404.html [36m304 [0m0.656 ms - -[0m
[0mGET /www.gggoel.com [36m302 [0m1.072 ms - 76[0m
[0mGET /404.html [36m304 [0m0.674 ms - -[0m
[0mGET /404/analytics.js [33m404 [0m0.735 ms - 29[0m
[0mGET /assets/css/icons-data-svg.css?19e5c2ec [33m404 [0m1.145 ms - 51[0m
[0mGET /404/site.js [33m404 [0m1.134 ms - 24[0m
[0mGET /404/gtm.js [33m404 [0m0.619 ms - 23[0m
[0mGET / [36m304 [0m5.971 ms - -[0m
[0mGET /stylesheets/style.css [36m304 [0m0.850 ms - -[0m
[0mGET /favicon.ico [36m302 [0m0.834 ms - 44[0m
[0mGET /404.html [36m304 [0m0.750 ms - -[0m
[0mPOST /create [36m302 [0m1.938 ms - 58[0m
[0mGET / [32m200 [0m6.006 ms - 17795[0m
[0mGET /stylesheets/style.css [36m304 [0m0.798 ms - -[0m
[0mGET /favicon.ico [36m302 [0m0.821 ms - 44[0m
[0mGET /404.html [36m304 [0m0.729 ms - -[0m
[0mGET /alert() [36m302 [0m1.079 ms - 76[0m
[0mGET /404.html [36m304 [0m0.740 ms - -[0m
[0mGET /404/analytics.js [33m404 [0m0.773 ms - 29[0m
[0mGET /404/gtm.js [33m404 [0m1.980 ms - 23[0m
[0mGET /assets/css/icons-data-svg.css?19e5c2ec [33m404 [0m0.775 ms - 51[0m
[0mGET /404/site.js [33m404 [0m0.731 ms - 24[0m
[0mGET / [32m200 [0m17.083 ms - 17795[0m
[0mGET /stylesheets/style.css [32m200 [0m1.222 ms - 110[0m
[0mGET /favicon.ico [36m302 [0m0.803 ms - 44[0m
[0mGET /404.html [32m200 [0m0.987 ms - 4918[0m
[0mGET / [32m200 [0m5.981 ms - 17795[0m
[0mGET /stylesheets/style.css [32m200 [0m1.178 ms - 110[0m
[0mGET / [32m200 [0m6.423 ms - 17795[0m
[0mGET /stylesheets/style.css [32m200 [0m1.159 ms - 110[0m
[0mGET /favicon.ico [36m302 [0m0.964 ms - 44[0m
[0mGET /404.html [32m200 [0m1.294 ms - 4918[0m
[0mPOST /create [36m302 [0m2.472 ms - 58[0m
[0mGET / [32m200 [0m7.050 ms - 18137[0m
[0mGET /stylesheets/style.css [36m304 [0m0.853 ms - -[0m
[0mGET /alert() [36m302 [0m2.751 ms - 76[0m
[0mGET /404.html [32m200 [0m1.259 ms - 4918[0m
[0mGET /404/site.js [33m404 [0m0.695 ms - 24[0m
[0mGET /404/analytics.js [33m404 [0m0.723 ms - 29[0m
[0mGET /404/gtm.js [33m404 [0m0.684 ms - 23[0m
[0mGET /assets/css/icons-data-svg.css?19e5c2ec [33m404 [0m0.919 ms - 51[0m
[0mGET / [32m200 [0m5.382 ms - 18137[0m
[0mGET /stylesheets/style.css [32m200 [0m1.140 ms - 110[0m
[0mGET /favicon.ico [36m302 [0m0.876 ms - 44[0m
[0mGET /404.html [32m200 [0m1.184 ms - 4918[0m
[0mGET /favicon.ico [36m302 [0m0.823 ms - 76[0m
[0mGET /404.html [32m200 [0m1.054 ms - 4918[0m
[0mGET /destroy/5493282f0cf5223a2f000003 [36m302 [0m2.529 ms - 58[0m
[0mGET / [32m200 [0m6.270 ms - 17681[0m
[0mGET /stylesheets/style.css [36m304 [0m0.745 ms - -[0m
[0mGET /destroy/5493283c0cf5223a2f000004 [36m302 [0m2.618 ms - 58[0m
[0mGET / [32m200 [0m6.013 ms - 17252[0m
[0mGET /stylesheets/style.css [36m304 [0m0.614 ms - -[0m
[0mGET /destroy/549328530cf5223a2f000006 [36m302 [0m3.053 ms - 58[0m
[0mGET / [32m200 [0m5.848 ms - 16877[0m
[0mGET /stylesheets/style.css [36m304 [0m0.782 ms - -[0m
[0mPOST /create [36m302 [0m1.900 ms - 58[0m
[0mGET / [32m200 [0m7.462 ms - 17159[0m
[0mGET /stylesheets/style.css [36m304 [0m0.704 ms - -[0m
[0mGET / [32m200 [0m6.309 ms - 17159[0m
[0mGET /stylesheets/style.css [32m200 [0m1.115 ms - 110[0m
[0mGET /favicon.ico [36m302 [0m0.925 ms - 44[0m
[0mGET /404.html [32m200 [0m1.243 ms - 4918[0m
[0mGET /favicon.ico [36m302 [0m1.307 ms - 44[0m
[0mGET /404.html [36m304 [0m0.684 ms - -[0m
[0mGET /favicon.ico [36m302 [0m0.890 ms - 44[0m
[0mGET /404.html [36m304 [0m0.694 ms - -[0m
[0mGET / [32m200 [0m6.316 ms - 17159[0m
[0mGET /stylesheets/style.css [32m200 [0m1.310 ms - 110[0m
[0mGET /favicon.ico [36m302 [0m0.818 ms - 44[0m
[0mGET /404.html [32m200 [0m1.182 ms - 4918[0m
[0mGET / [32m200 [0m5.654 ms - 17159[0m
[0mGET /stylesheets/style.css [32m200 [0m0.986 ms - 110[0m
[0mGET /favicon.ico [36m302 [0m0.801 ms - 44[0m
[0mGET /404.html [32m200 [0m1.325 ms - 4918[0m
[0mGET / [32m200 [0m7.105 ms - 17159[0m
[0mGET /stylesheets/style.css [36m304 [0m0.741 ms - -[0m
[0mGET /favicon.ico [36m302 [0m4.970 ms - 44[0m
[0mGET /404.html [36m304 [0m0.448 ms - -[0m
[0mGET / [36m304 [0m6.276 ms - -[0m
[0mGET /stylesheets/style.css [36m304 [0m0.807 ms - -[0m
[0mGET /favicon.ico [36m302 [0m0.716 ms - 44[0m
[0mGET /404.html [36m304 [0m0.713 ms - -[0m
[0mGET /stylesheets/style.css [36m304 [0m0.860 ms - -[0m
[0mPOST /create [36m302 [0m1.892 ms - 58[0m
[0mGET / [32m200 [0m6.202 ms - 17489[0m
[0mGET /stylesheets/style.css [36m304 [0m0.783 ms - -[0m
[0mGET /favicon.ico [36m302 [0m0.814 ms - 44[0m
[0mGET /404.html [36m304 [0m0.752 ms - -[0m
[0mGET / [32m200 [0m6.425 ms - 17489[0m
[0mGET /stylesheets/style.css [32m200 [0m1.349 ms - 110[0m
[0mGET /favicon.ico [36m302 [0m0.782 ms - 44[0m
[0mGET /404.html [32m200 [0m1.528 ms - 4918[0m
[0mGET /favicon.ico [36m302 [0m0.869 ms - 44[0m
[0mGET /404.html [36m304 [0m0.678 ms - -[0m
[0mGET / [32m200 [0m13.875 ms - 17489[0m
[0mGET /stylesheets/style.css [32m200 [0m1.944 ms - 110[0m
[0mGET /favicon.ico [36m302 [0m0.906 ms - 44[0m
[0mGET /404.html [32m200 [0m0.724 ms - 4918[0m
[0mPOST /create [36m302 [0m2.523 ms - 58[0m
[0mGET / [32m200 [0m9.318 ms - 17777[0m
[0mGET /stylesheets/style.css [32m200 [0m1.493 ms - 110[0m
[0mGET /favicon.ico [36m302 [0m1.549 ms - 44[0m
[0mGET /404.html [36m304 [0m0.753 ms - -[0m
[0mPOST /create [36m302 [0m2.727 ms - 58[0m
[0mGET / [32m200 [0m8.073 ms - 18077[0m
[0mGET /stylesheets/style.css [32m200 [0m1.271 ms - 110[0m
[0mGET /favicon.ico [36m302 [0m0.898 ms - 44[0m
[0mGET /404.html [36m304 [0m0.968 ms - -[0m
[0mGET /destroy/549406920cf5223a2f000037 [36m302 [0m3.162 ms - 58[0m
[0mGET / [32m200 [0m8.040 ms - 17777[0m
[0mGET /stylesheets/style.css [32m200 [0m2.557 ms - 110[0m
[0mGET /favicon.ico [36m302 [0m0.892 ms - 44[0m
[0mGET /404.html [36m304 [0m1.133 ms - -[0m
[0mGET / [32m200 [0m9.977 ms - 17777[0m
[0mGET /stylesheets/style.css [32m200 [0m1.331 ms - 110[0m
[0mGET /favicon.ico [36m302 [0m1.362 ms - 44[0m
[0mGET /404.html [32m200 [0m1.304 ms - 4918[0m
[0mGET /[]!@ [36m302 [0m0.806 ms - 76[0m
[0mGET /404.html [36m304 [0m0.978 ms - -[0m
[0mGET /404/analytics.js [33m404 [0m0.817 ms - 29[0m
[0mGET /404/gtm.js [33m404 [0m1.042 ms - 23[0m
[0mGET /404/site.js [33m404 [0m0.950 ms - 24[0m
[0mGET /assets/css/icons-data-svg.css?19e5c2ec [33m404 [0m0.710 ms - 51[0m
[0mGET /favicon.ico [36m302 [0m1.087 ms - 44[0m
[0mGET /404.html [36m304 [0m1.332 ms - -[0m
[0mGET / [32m200 [0m9.571 ms - 17777[0m
[0mGET /stylesheets/style.css [32m200 [0m1.527 ms - 110[0m
[0mGET /favicon.ico [36m302 [0m0.978 ms - 44[0m
[0mGET /404.html [32m200 [0m1.330 ms - 4918[0m
[0mGET / [32m200 [0m8.631 ms - 17777[0m
[0mGET /stylesheets/style.css [32m200 [0m1.261 ms - 110[0m
[0mGET /favicon.ico [36m302 [0m1.493 ms - 44[0m
[0mGET /404.html [32m200 [0m1.474 ms - 4918[0m
[0mGET / [32m200 [0m8.153 ms - 17777[0m
[0mGET /stylesheets/style.css [36m304 [0m1.178 ms - -[0m
[0mGET /favicon.ico [36m302 [0m1.226 ms - 44[0m
[0mGET /404.html [36m304 [0m0.760 ms - -[0m
[0mGET /destroy/549406380cf5223a2f000036 [36m302 [0m3.120 ms - 58[0m
[0mGET / [32m200 [0m8.904 ms - 17489[0m
[0mGET /stylesheets/style.css [36m304 [0m0.861 ms - -[0m
[0mGET /favicon.ico [36m302 [0m1.806 ms - 44[0m
[0mGET /404.html [36m304 [0m1.216 ms - -[0m
[0mGET /destroy/5493f1930cf5223a2f000035 [36m302 [0m3.856 ms - 58[0m
[0mGET / [32m200 [0m8.674 ms - 17159[0m
[0mGET /stylesheets/style.css [36m304 [0m1.079 ms - -[0m
[0mGET /favicon.ico [36m302 [0m0.946 ms - 44[0m
[0mGET /404.html [36m304 [0m0.787 ms - -[0m
[0mGET / [32m200 [0m9.101 ms - 17159[0m
[0mGET /stylesheets/style.css [32m200 [0m1.547 ms - 110[0m
[0mGET /favicon.ico [36m302 [0m1.406 ms - 44[0m
[0mGET /404.html [32m200 [0m1.333 ms - 4918[0m
[0mGET / [32m200 [0m9.897 ms - 17159[0m
[0mGET /favicon.ico [36m302 [0m1.327 ms - 0[0m
[0mGET /404.html [32m200 [0m1.446 ms - 4918[0m
[0mGET / [32m200 [0m7.453 ms - 17159[0m
[0mGET /stylesheets/style.css [36m304 [0m0.466 ms - -[0m
[0mGET /favicon.ico [36m302 [0m1.505 ms - 44[0m
[0mGET /404.html [36m304 [0m1.272 ms - -[0m
[0mGET /destroy/5493e20d0cf5223a2f000034 [36m302 [0m3.443 ms - 58[0m
[0mGET / [32m200 [0m8.808 ms - 16877[0m
[0mGET /stylesheets/style.css [36m304 [0m0.651 ms - -[0m
[0mGET /favicon.ico [36m302 [0m0.911 ms - 44[0m
[0mGET /404.html [36m304 [0m0.739 ms - -[0m
[0mGET /destroy/5493d4fc0cf5223a2f000031 [36m302 [0m3.184 ms - 58[0m
[0mGET / [32m200 [0m6.923 ms - 16457[0m
[0mGET /stylesheets/style.css [36m304 [0m0.604 ms - -[0m
[0mGET /favicon.ico [36m302 [0m1.250 ms - 44[0m
[0mGET /404.html [36m304 [0m0.884 ms - -[0m
[0mGET /destroy/5493dddf0cf5223a2f000033 [36m302 [0m3.040 ms - 58[0m
[0mGET / [32m200 [0m8.528 ms - 16115[0m
[0mGET /stylesheets/style.css [36m304 [0m0.910 ms - -[0m
[0mGET /favicon.ico [36m302 [0m1.393 ms - 44[0m
[0mGET /404.html [36m304 [0m1.013 ms - -[0m
[0mGET /destroy/5493d4c60cf5223a2f000030 [36m302 [0m3.718 ms - 58[0m
[0mGET / [32m200 [0m13.285 ms - 15830[0m
[0mGET /stylesheets/style.css [36m304 [0m0.891 ms - -[0m
[0mGET /favicon.ico [36m302 [0m1.404 ms - 44[0m
[0mGET /404.html [36m304 [0m0.963 ms - -[0m
[0mGET /destroy/5493d6a10cf5223a2f000032 [36m302 [0m3.685 ms - 58[0m
[0mGET / [32m200 [0m8.043 ms - 15530[0m
[0mGET /stylesheets/style.css [36m304 [0m1.000 ms - -[0m
[0mGET /favicon.ico [36m302 [0m1.222 ms - 44[0m
[0mGET /404.html [36m304 [0m0.876 ms - -[0m
[0mGET /how%20long%20this%20coulum%20is%20,%201111111111111111111111111111111111111111111111111111111111111111111111111111111111111111111222222222222222222222222222222222222222222222222222222222222222222222222222222222222222222222223333333333333333333333333333333333333333333333333333333333333333333333333333333344444444444444444444444444444444444444444444444444444444444444444444444444444444444444555555555555555555555555555555555555555555555555555555555555555555555555555566666666666666666666666666666666666666666666666666666666666666666666666666777777777777777777777777777777777777777777777777777777777777777777777777788888888888888888888888888888888888888888888888888888888888888888888899999999999999999999999999999999999999999999999999999999 [36m302 [0m1.705 ms - 76[0m
[0mGET /404.html [36m304 [0m1.272 ms - -[0m
[0mGET /404/analytics.js [33m404 [0m1.615 ms - 29[0m
[0mGET /404/site.js [33m404 [0m0.905 ms - 24[0m
[0mGET /404/gtm.js [33m404 [0m1.124 ms - 23[0m
[0mGET /assets/css/icons-data-svg.css?19e5c2ec [33m404 [0m1.228 ms - 51[0m
[0mGET /destroy/5493d47e0cf5223a2f00002f [36m302 [0m3.763 ms - 58[0m
[0mGET / [32m200 [0m20.049 ms - 13073[0m
[0mGET /stylesheets/style.css [36m304 [0m1.206 ms - -[0m
[0mGET /favicon.ico [36m302 [0m1.096 ms - 44[0m
[0mGET /404.html [36m304 [0m0.856 ms - -[0m
[0mGET /destroy/5493d3d90cf5223a2f00002e [36m302 [0m3.533 ms - 58[0m
[0mGET / [32m200 [0m5.417 ms - 12698[0m
[0mGET /stylesheets/style.css [36m304 [0m0.446 ms - -[0m
[0mGET /favicon.ico [36m302 [0m0.466 ms - 44[0m
[0mGET /404.html [36m304 [0m0.789 ms - -[0m
[0mGET /%3Ca%20/%3E [33m404 [0m1.204 ms - 24[0m
[0mGET /favicon.ico [36m302 [0m0.947 ms - 44[0m
[0mGET /404.html [36m304 [0m0.873 ms - -[0m
[0mGET /%22/) [33m404 [0m1.003 ms - 18[0m
[0mGET /favicon.ico [36m302 [0m1.000 ms - 44[0m
[0mGET /404.html [36m304 [0m0.762 ms - -[0m
[0mGET /%C2%A0%C2%A0%C2%A0%C2%A0%C2%A0%C2%A0%C2%A0%C2%A0%C2%A0%C2%A0%C2%A0%C2%A0%C2%A0%C2%A0%C2%A0%C2%A0 [36m302 [0m1.186 ms - 76[0m
[0mGET /404.html [36m304 [0m0.885 ms - -[0m
[0mGET /404/analytics.js [33m404 [0m1.439 ms - 29[0m
[0mGET /404/gtm.js [33m404 [0m0.854 ms - 23[0m
[0mGET /assets/css/icons-data-svg.css?19e5c2ec [33m404 [0m0.861 ms - 51[0m
[0mGET /404/site.js [33m404 [0m0.887 ms - 24[0m
[0mGET /%C2%A0 [36m302 [0m1.127 ms - 76[0m
[0mGET /404.html [36m304 [0m0.913 ms - -[0m
[0mGET /404/gtm.js [33m404 [0m0.831 ms - 23[0m
[0mGET /404/site.js [33m404 [0m0.901 ms - 24[0m
[0mGET /404/analytics.js [33m404 [0m0.765 ms - 29[0m
[0mGET /assets/css/icons-data-svg.css?19e5c2ec [33m404 [0m0.949 ms - 51[0m
[0mGET /; [36m302 [0m1.109 ms - 76[0m
[0mGET /404.html [36m304 [0m0.854 ms - -[0m
[0mGET /404/analytics.js [33m404 [0m0.816 ms - 29[0m
[0mGET /404/gtm.js [33m404 [0m0.859 ms - 23[0m
[0mGET /404/site.js [33m404 [0m0.792 ms - 24[0m
[0mGET /assets/css/icons-data-svg.css?19e5c2ec [33m404 [0m0.867 ms - 51[0m
[0mGET /destroy/5493ad220cf5223a2f00001a [36m302 [0m2.754 ms - 58[0m
[0mGET / [32m200 [0m4.942 ms - 12383[0m
[0mGET /stylesheets/style.css [36m304 [0m0.886 ms - -[0m
[0mGET /favicon.ico [36m302 [0m0.943 ms - 44[0m
[0mGET /404.html [36m304 [0m0.849 ms - -[0m
[0mGET /destroy/5493ae2f0cf5223a2f00001d [36m302 [0m2.702 ms - 58[0m
[0mGET / [32m200 [0m5.216 ms - 12095[0m
[0mGET /stylesheets/style.css [36m304 [0m0.869 ms - -[0m
[0mGET /favicon.ico [36m302 [0m1.032 ms - 44[0m
[0mGET /404.html [36m304 [0m0.854 ms - -[0m
[0mGET /destroy/5493b0910cf5223a2f00001e [36m302 [0m2.681 ms - 58[0m
[0mGET / [32m200 [0m4.561 ms - 11741[0m
[0mGET /stylesheets/style.css [36m304 [0m0.908 ms - -[0m
[0mGET /favicon.ico [36m302 [0m0.866 ms - 44[0m
[0mGET /404.html [36m304 [0m0.795 ms - -[0m
[0mGET /www.gggoel.com [36m302 [0m1.072 ms - 76[0m
[0mGET /404.html [36m304 [0m0.885 ms - -[0m
[0mGET /404/analytics.js [33m404 [0m0.850 ms - 29[0m
[0mGET /404/gtm.js [33m404 [0m0.793 ms - 23[0m
[0mGET /assets/css/icons-data-svg.css?19e5c2ec [33m404 [0m0.763 ms - 51[0m
[0mGET /404/site.js [33m404 [0m0.810 ms - 24[0m
[0mGET /destroy/5493d3160cf5223a2f000026 [36m302 [0m2.756 ms - 58[0m
[0mGET / [32m200 [0m4.465 ms - 11459[0m
[0mGET /stylesheets/style.css [36m304 [0m0.922 ms - -[0m
[0mGET /favicon.ico [36m302 [0m0.945 ms - 44[0m
[0mGET /404.html [36m304 [0m0.855 ms - -[0m
[0mGET /destroy/5493d33c0cf5223a2f000029 [36m302 [0m2.743 ms - 58[0m
[0mGET / [32m200 [0m4.428 ms - 10892[0m
[0mGET /stylesheets/style.css [36m304 [0m0.869 ms - -[0m
[0mGET /favicon.ico [36m302 [0m0.910 ms - 44[0m
[0mGET /404.html [36m304 [0m0.782 ms - -[0m
[0mGET /destroy/5493b97e0cf5223a2f000021 [36m302 [0m3.086 ms - 58[0m
[0mGET / [32m200 [0m4.440 ms - 10571[0m
[0mGET /stylesheets/style.css [36m304 [0m0.924 ms - -[0m
[0mGET /favicon.ico [36m302 [0m0.701 ms - 44[0m
[0mGET /404.html [36m304 [0m0.572 ms - -[0m
[0mGET /destroy/5493b9970cf5223a2f000022 [36m302 [0m2.900 ms - 58[0m
[0mGET / [32m200 [0m4.420 ms - 10250[0m
[0mGET /stylesheets/style.css [36m304 [0m0.890 ms - -[0m
[0mGET /favicon.ico [36m302 [0m1.100 ms - 44[0m
[0mGET /404.html [36m304 [0m0.910 ms - -[0m
[0mGET /destroy/5493d3240cf5223a2f000027 [36m302 [0m2.636 ms - 58[0m
[0mGET / [32m200 [0m4.150 ms - 9968[0m
[0mGET /stylesheets/style.css [36m304 [0m0.860 ms - -[0m
[0mGET /favicon.ico [36m302 [0m0.969 ms - 44[0m
[0mGET /404.html [36m304 [0m0.861 ms - -[0m
[0mGET /destroy/5493d32f0cf5223a2f000028 [36m302 [0m2.708 ms - 58[0m
[0mGET / [32m200 [0m3.904 ms - 9671[0m
[0mGET /stylesheets/style.css [36m304 [0m0.877 ms - -[0m
[0mGET /favicon.ico [36m302 [0m0.888 ms - 44[0m
[0mGET /404.html [36m304 [0m0.886 ms - -[0m
[0mGET /destroy/5493d3570cf5223a2f00002a [36m302 [0m2.606 ms - 58[0m
[0mGET / [32m200 [0m3.877 ms - 9371[0m
[0mGET /stylesheets/style.css [36m304 [0m0.855 ms - -[0m
[0mGET /favicon.ico [36m302 [0m0.978 ms - 44[0m
[0mGET /404.html [36m304 [0m0.846 ms - -[0m
[0mGET /destroy/5493d3690cf5223a2f00002b [36m302 [0m2.642 ms - 58[0m
[0mGET / [32m200 [0m3.795 ms - 9068[0m
[0mGET /stylesheets/style.css [36m304 [0m0.885 ms - -[0m
[0mGET /favicon.ico [36m302 [0m0.992 ms - 44[0m
[0mGET /404.html [36m304 [0m0.844 ms - -[0m
[0mGET /destroy/5493d36f0cf5223a2f00002c [36m302 [0m2.611 ms - 58[0m
[0mGET / [32m200 [0m3.783 ms - 8765[0m
[0mGET /stylesheets/style.css [36m304 [0m0.873 ms - -[0m
[0mGET /favicon.ico [36m302 [0m1.035 ms - 44[0m
[0mGET /404.html [36m304 [0m0.796 ms - -[0m
[0mGET /destroy/5493d3960cf5223a2f00002d [36m302 [0m2.588 ms - 58[0m
[0mGET / [32m200 [0m3.603 ms - 8453[0m
[0mGET /stylesheets/style.css [36m304 [0m0.874 ms - -[0m
[0mGET /favicon.ico [36m302 [0m1.030 ms - 44[0m
[0mGET /404.html [36m304 [0m0.862 ms - -[0m
[0mGET / [32m200 [0m3.295 ms - 8453[0m
[0mGET /stylesheets/style.css [32m200 [0m1.448 ms - 110[0m
[0mGET /favicon.ico [36m302 [0m0.724 ms - 44[0m
[0mGET /404.html [32m200 [0m1.166 ms - 4918[0m
[0mPOST /create [36m302 [0m3.189 ms - 58[0m
[0mGET / [32m200 [0m3.662 ms - 8735[0m
[0mGET /stylesheets/style.css [36m304 [0m0.695 ms - -[0m
[0mGET /favicon.ico [36m302 [0m0.799 ms - 44[0m
[0mGET /404.html [36m304 [0m0.612 ms - -[0m
[0mGET /destroy/54942d490cf5223a2f000038 [36m302 [0m2.507 ms - 58[0m
[0mGET / [32m200 [0m3.289 ms - 8453[0m
[0mGET /stylesheets/style.css [36m304 [0m0.723 ms - -[0m
[0mGET /favicon.ico [36m302 [0m0.781 ms - 44[0m
[0mGET /404.html [36m304 [0m0.670 ms - -[0m
[0mGET / [32m200 [0m3.623 ms - 8453[0m
[0mGET /stylesheets/style.css [32m200 [0m1.313 ms - 110[0m
[0mGET /favicon.ico [36m302 [0m0.868 ms - 44[0m
[0mGET /404.html [32m200 [0m1.175 ms - 4918[0m
[0mGET /favicon.ico [36m302 [0m0.735 ms - 76[0m
[0mGET /404.html [32m200 [0m1.047 ms - 4918[0m
[0mGET /destroy/549329010cf5223a2f000017 [36m302 [0m2.459 ms - 58[0m
[0mGET / [32m200 [0m3.396 ms - 8033[0m
[0mGET /stylesheets/style.css [36m304 [0m0.725 ms - -[0m
[0mPOST /create [36m302 [0m2.050 ms - 58[0m
[0mGET / [32m200 [0m3.629 ms - 8321[0m
[0mGET /stylesheets/style.css [32m200 [0m1.140 ms - 110[0m
[0mGET /destroy/5494325d0cf5223a2f000039 [36m302 [0m1.879 ms - 58[0m
[0mGET / [32m200 [0m3.240 ms - 8033[0m
[0mGET /stylesheets/style.css [36m304 [0m0.706 ms - -[0m
[0mPOST /create [36m302 [0m2.014 ms - 58[0m
[0mGET / [32m200 [0m7.204 ms - 8450[0m
[0mGET /stylesheets/style.css [32m200 [0m1.070 ms - 110[0m
[0mGET /destroy/549432980cf5223a2f00003a [36m302 [0m2.308 ms - 58[0m
[0mGET / [32m200 [0m3.237 ms - 8033[0m
[0mGET /stylesheets/style.css [36m304 [0m0.623 ms - -[0m
[0mGET / [32m200 [0m3.558 ms - 8033[0m
[0mGET /stylesheets/style.css [36m304 [0m0.747 ms - -[0m
[0mGET /favicon.ico [36m302 [0m0.802 ms - 44[0m
[0mGET /404.html [36m304 [0m0.697 ms - -[0m
[0mPOST /create [36m302 [0m1.925 ms - 58[0m
[0mGET / [32m200 [0m3.581 ms - 8342[0m
[0mGET /stylesheets/style.css [36m304 [0m0.729 ms - -[0m
[0mGET /favicon.ico [36m302 [0m0.798 ms - 44[0m
[0mGET /404.html [36m304 [0m0.645 ms - -[0m
[0mGET /%3C/a%3E [33m404 [0m1.355 ms - 21[0m
[0mGET /favicon.ico [36m302 [0m0.822 ms - 44[0m
[0mGET /404.html [36m304 [0m0.691 ms - -[0m
[0mGET / [32m200 [0m3.646 ms - 8342[0m
[0mGET /stylesheets/style.css [32m200 [0m1.240 ms - 110[0m
[0mGET / [32m200 [0m3.534 ms - 8342[0m
[0mGET /stylesheets/style.css [32m200 [0m1.875 ms - 110[0m
[0mGET /favicon.ico [36m302 [0m1.570 ms - 76[0m
[0mGET /favicon.ico [36m302 [0m0.887 ms - 44[0m
[0mGET /404.html [32m200 [0m1.344 ms - 4918[0m
[0mGET /favicon.ico [36m302 [0m0.862 ms - 76[0m
[0mGET /404.html [36m304 [0m0.709 ms - -[0m
[0mPOST /create [36m302 [0m1.868 ms - 58[0m
[0mGET / [32m200 [0m3.675 ms - 8621[0m
[0mGET /stylesheets/style.css [36m304 [0m0.702 ms - -[0m
[0mPOST /create [36m302 [0m1.832 ms - 58[0m
[0mGET / [32m200 [0m3.821 ms - 8912[0m
[0mGET /stylesheets/style.css [36m304 [0m0.817 ms - -[0m
[0mPOST /create [36m302 [0m1.871 ms - 58[0m
[0mGET / [32m200 [0m3.517 ms - 9203[0m
[0mGET /stylesheets/style.css [36m304 [0m0.740 ms - -[0m
[0mGET /destroy/5493285e0cf5223a2f000007 [36m302 [0m2.555 ms - 58[0m
[0mGET / [32m200 [0m3.625 ms - 8813[0m
[0mGET /stylesheets/style.css [36m304 [0m0.694 ms - -[0m
[0mGET /destroy/549328660cf5223a2f000008 [36m302 [0m1.854 ms - 58[0m
[0mGET / [32m200 [0m3.449 ms - 8465[0m
[0mGET /stylesheets/style.css [36m304 [0m0.735 ms - -[0m
[0mGET /destroy/5493286e0cf5223a2f000009 [36m302 [0m2.608 ms - 58[0m
[0mGET / [32m200 [0m3.154 ms - 7943[0m
[0mGET /stylesheets/style.css [36m304 [0m0.641 ms - -[0m
[0mGET /destroy/549328830cf5223a2f00000a [36m302 [0m2.408 ms - 58[0m
[0mGET / [32m200 [0m3.291 ms - 7478[0m
[0mGET /stylesheets/style.css [36m304 [0m0.775 ms - -[0m
[0mGET /destroy/5493288d0cf5223a2f00000b [36m302 [0m2.517 ms - 58[0m
[0mGET / [32m200 [0m4.028 ms - 7046[0m
[0mGET /stylesheets/style.css [36m304 [0m0.571 ms - -[0m
[0mGET /destroy/549328990cf5223a2f00000c [36m302 [0m3.200 ms - 58[0m
[0mGET / [32m200 [0m3.286 ms - 6629[0m
[0mGET /stylesheets/style.css [36m304 [0m0.711 ms - -[0m
[0mGET /destroy/549328a20cf5223a2f00000d [36m302 [0m2.461 ms - 58[0m
[0mGET / [32m200 [0m3.081 ms - 6203[0m
[0mGET /stylesheets/style.css [36m304 [0m0.729 ms - -[0m
[0mGET /destroy/549328b00cf5223a2f00000e [36m302 [0m2.430 ms - 58[0m
[0mGET / [32m200 [0m3.080 ms - 5813[0m
[0mGET /stylesheets/style.css [36m304 [0m0.776 ms - -[0m
[0mGET /destroy/549434c40cf5223a2f00003b [36m302 [0m2.559 ms - 58[0m
[0mGET / [32m200 [0m2.918 ms - 5504[0m
[0mGET /stylesheets/style.css [36m304 [0m0.704 ms - -[0m
[0mGET /destroy/549328f50cf5223a2f000016 [36m302 [0m2.486 ms - 58[0m
[0mGET / [32m200 [0m2.853 ms - 5126[0m
[0mGET /stylesheets/style.css [36m304 [0m0.667 ms - -[0m
[0mGET /destroy/549439d60cf5223a2f00003c [36m302 [0m2.494 ms - 58[0m
[0mGET / [32m200 [0m2.568 ms - 4847[0m
[0mGET /stylesheets/style.css [36m304 [0m0.687 ms - -[0m
[0mGET /destroy/549328ef0cf5223a2f000015 [36m302 [0m2.517 ms - 58[0m
[0mGET / [32m200 [0m2.573 ms - 4439[0m
[0mGET /stylesheets/style.css [36m304 [0m0.701 ms - -[0m
[0mGET /destroy/549328e50cf5223a2f000014 [36m302 [0m2.392 ms - 58[0m
[0mGET / [32m200 [0m2.452 ms - 3962[0m
[0mGET /stylesheets/style.css [36m304 [0m0.704 ms - -[0m
[0mGET /destroy/549328d50cf5223a2f000012 [36m302 [0m2.583 ms - 58[0m
[0mGET / [32m200 [0m2.231 ms - 3587[0m
[0mGET /stylesheets/style.css [36m304 [0m0.728 ms - -[0m
[0mGET /destroy/549328de0cf5223a2f000013 [36m302 [0m2.354 ms - 58[0m
[0mGET / [32m200 [0m3.350 ms - 3242[0m
[0mGET /stylesheets/style.css [36m304 [0m0.788 ms - -[0m
[0mGET /destroy/549328cc0cf5223a2f000011 [36m302 [0m2.506 ms - 58[0m
[0mGET / [32m200 [0m2.297 ms - 2681[0m
[0mGET /stylesheets/style.css [36m304 [0m0.703 ms - -[0m
[0mGET /destroy/549328c30cf5223a2f000010 [36m302 [0m2.366 ms - 58[0m
[0mGET / [32m200 [0m2.060 ms - 2153[0m
[0mGET /stylesheets/style.css [36m304 [0m0.741 ms - -[0m
[0mGET /destroy/549328b80cf5223a2f00000f [36m302 [0m2.544 ms - 58[0m
[0mGET / [32m200 [0m1.867 ms - 1286[0m
[0mGET /stylesheets/style.css [36m304 [0m0.744 ms - -[0m
[0mGET /destroy/549439dd0cf5223a2f00003d [36m302 [0m2.485 ms - 58[0m
[0mGET / [32m200 [0m1.687 ms - 995[0m
[0mGET /stylesheets/style.css [36m304 [0m0.719 ms - -[0m
[0mGET /destroy/549439e00cf5223a2f00003e [36m302 [0m2.459 ms - 58[0m
[0mGET / [32m200 [0m1.714 ms - 704[0m
[0mGET /stylesheets/style.css [36m304 [0m0.768 ms - -[0m
[0mPOST /create [36m302 [0m1.847 ms - 58[0m
[0mGET / [32m200 [0m1.838 ms - 983[0m
[0mGET /stylesheets/style.css [36m304 [0m0.617 ms - -[0m
[0mGET /destroy/54943a050cf5223a2f00003f [36m302 [0m2.398 ms - 58[0m
[0mGET / [32m200 [0m1.551 ms - 704[0m
[0mGET /stylesheets/style.css [36m304 [0m0.711 ms - -[0m
[0mGET / [36m304 [0m1.695 ms - -[0m
[0mGET /stylesheets/style.css [36m304 [0m0.622 ms - -[0m
[0mGET / [36m304 [0m1.792 ms - -[0m
[0mGET /stylesheets/style.css [36m304 [0m0.465 ms - -[0m
[0mGET / [36m304 [0m2.810 ms - -[0m
[0mGET /stylesheets/style.css [36m304 [0m0.685 ms - -[0m
[0mGET / [36m304 [0m1.610 ms - -[0m
[0mGET /stylesheets/style.css [36m304 [0m0.712 ms - -[0m
[0mPOST /create [36m302 [0m1.877 ms - 58[0m
[0mGET / [32m200 [0m2.847 ms - 1001[0m
[0mGET /stylesheets/style.css [36m304 [0m0.683 ms - -[0m
[0mGET /destroy/54943a250cf5223a2f000040 [36m302 [0m2.498 ms - 58[0m
[0mGET / [32m200 [0m1.600 ms - 704[0m
[0mGET /stylesheets/style.css [36m304 [0m0.619 ms - -[0m
[0mPOST /create [36m302 [0m1.893 ms - 58[0m
[0mGET / [32m200 [0m1.720 ms - 986[0m
[0mGET /stylesheets/style.css [36m304 [0m0.700 ms - -[0m
[0mPOST /create [36m302 [0m3.365 ms - 58[0m
[0mGET / [32m200 [0m5.042 ms - 1268[0m
[0mGET /stylesheets/style.css [36m304 [0m6.868 ms - -[0m
[0mPOST /create [36m302 [0m2.529 ms - 58[0m
[0mGET / [32m200 [0m2.097 ms - 1550[0m
[0mGET /stylesheets/style.css [36m304 [0m0.623 ms - -[0m
[0mPOST /create [36m302 [0m3.923 ms - 58[0m
[0mGET / [32m200 [0m2.171 ms - 1832[0m
[0mGET /stylesheets/style.css [36m304 [0m0.617 ms - -[0m
[0mGET /destroy/54943a290cf5223a2f000041 [36m302 [0m2.440 ms - 58[0m
[0mGET / [32m200 [0m2.017 ms - 1550[0m
[0mGET /stylesheets/style.css [36m304 [0m0.687 ms - -[0m
[0mGET /destroy/54943a2b0cf5223a2f000042 [36m302 [0m2.324 ms - 58[0m
[0mGET / [32m200 [0m1.852 ms - 1268[0m
[0mGET /stylesheets/style.css [36m304 [0m0.676 ms - -[0m
[0mGET /destroy/54943a2d0cf5223a2f000043 [36m302 [0m2.245 ms - 58[0m
[0mGET / [32m200 [0m1.776 ms - 986[0m
[0mGET /stylesheets/style.css [36m304 [0m0.540 ms - -[0m
[0mGET /destroy/54943a2f0cf5223a2f000044 [36m302 [0m2.162 ms - 58[0m
[0mGET / [32m200 [0m1.577 ms - 704[0m
[0mGET /stylesheets/style.css [36m304 [0m0.726 ms - -[0m
[0mGET / [32m200 [0m1.680 ms - 704[0m
[0mGET /stylesheets/style.css [32m200 [0m1.198 ms - 110[0m
[0mGET /favicon.ico [36m302 [0m0.774 ms - 44[0m
[0mGET /404.html [32m200 [0m10.487 ms - 4918[0m
[0mPOST /create [36m302 [0m1.912 ms - 58[0m
[0mGET / [32m200 [0m1.834 ms - 983[0m
[0mGET /stylesheets/style.css [36m304 [0m1.234 ms - -[0m
[0mGET /favicon.ico [36m302 [0m0.836 ms - 44[0m
[0mGET /404.html [36m304 [0m0.676 ms - -[0m
[0mGET /destroy/54943a790cf5223a2f000045 [36m302 [0m2.473 ms - 58[0m
[0mGET / [32m200 [0m1.634 ms - 704[0m
[0mGET /stylesheets/style.css [36m304 [0m0.689 ms - -[0m
[0mGET /favicon.ico [36m302 [0m0.790 ms - 44[0m
[0mGET /404.html [36m304 [0m0.692 ms - -[0m
[0mPOST /create [36m302 [0m1.894 ms - 58[0m
[0mGET / [32m200 [0m1.842 ms - 983[0m
[0mGET /stylesheets/style.css [36m304 [0m0.713 ms - -[0m
[0mGET /favicon.ico [36m302 [0m0.671 ms - 44[0m
[0mGET /404.html [36m304 [0m0.704 ms - -[0m
[0mPOST /create [36m302 [0m1.815 ms - 58[0m
[0mGET / [32m200 [0m2.037 ms - 1262[0m
[0mGET /stylesheets/style.css [36m304 [0m0.693 ms - -[0m
[0mGET /favicon.ico [36m302 [0m0.689 ms - 44[0m
[0mGET /404.html [36m304 [0m0.671 ms - -[0m
[0mGET / [32m200 [0m2.167 ms - 1262[0m
[0mGET /stylesheets/style.css [32m200 [0m1.096 ms - 110[0m
[0mGET /favicon.ico [36m302 [0m0.889 ms - 44[0m
[0mGET /404.html [32m200 [0m1.263 ms - 4918[0m
[0mGET / [32m200 [0m2.193 ms - 1262[0m
[0mGET /stylesheets/style.css [32m200 [0m1.016 ms - 110[0m
[0mGET /favicon.ico [36m302 [0m0.801 ms - 44[0m
[0mGET /404.html [32m200 [0m1.160 ms - 4918[0m
[0mGET / [32m200 [0m2.131 ms - 1262[0m
[0mGET /stylesheets/style.css [32m200 [0m1.147 ms - 110[0m
[0mGET /favicon.ico [36m302 [0m0.847 ms - 44[0m
[0mGET /404.html [32m200 [0m1.203 ms - 4918[0m
[0mPOST /create [36m302 [0m1.880 ms - 58[0m
[0mGET / [32m200 [0m1.569 ms - 1553[0m
[0mGET /stylesheets/style.css [36m304 [0m0.686 ms - -[0m
[0mGET /favicon.ico [36m302 [0m0.789 ms - 44[0m
[0mGET /404.html [36m304 [0m0.672 ms - -[0m
[0mGET /destroy/54943ed70cf5223a2f000048 [36m302 [0m2.429 ms - 58[0m
[0mGET / [32m200 [0m1.739 ms - 1262[0m
[0mGET /stylesheets/style.css [36m304 [0m0.698 ms - -[0m
[0mGET /favicon.ico [36m302 [0m0.775 ms - 44[0m
[0mGET /404.html [36m304 [0m0.667 ms - -[0m
[0mGET /destroy/54943a830cf5223a2f000047 [36m302 [0m2.005 ms - 58[0m
[0mGET / [32m200 [0m1.513 ms - 983[0m
[0mGET /stylesheets/style.css [36m304 [0m0.658 ms - -[0m
[0mGET /favicon.ico [36m302 [0m0.840 ms - 44[0m
[0mGET /404.html [36m304 [0m0.608 ms - -[0m
[0mGET /destroy/54943a7f0cf5223a2f000046 [36m302 [0m2.290 ms - 58[0m
[0mGET / [32m200 [0m1.578 ms - 704[0m
[0mGET /stylesheets/style.css [36m304 [0m0.697 ms - -[0m
[0mGET /favicon.ico [36m302 [0m0.679 ms - 44[0m
[0mGET /404.html [36m304 [0m0.637 ms - -[0m
[0mPOST /create [36m302 [0m1.643 ms - 58[0m
[0mGET / [32m200 [0m1.688 ms - 995[0m
[0mGET /stylesheets/style.css [36m304 [0m0.665 ms - -[0m
[0mGET /favicon.ico [36m302 [0m0.684 ms - 44[0m
[0mGET /404.html [36m304 [0m0.663 ms - -[0m
[0mGET /test [36m302 [0m0.841 ms - 76[0m
[0mGET /404.html [36m304 [0m0.709 ms - -[0m
[0mGET /404/analytics.js [33m404 [0m0.643 ms - 29[0m
[0mGET /404/site.js [33m404 [0m1.131 ms - 24[0m
[0mGET /404/gtm.js [33m404 [0m0.664 ms - 23[0m
[0mGET /assets/css/icons-data-svg.css?19e5c2ec [33m404 [0m0.770 ms - 51[0m
[0mGET / [32m200 [0m1.976 ms - 995[0m
[0mGET /stylesheets/style.css [32m200 [0m1.213 ms - 110[0m
[0mGET /favicon.ico [36m302 [0m0.941 ms - 44[0m
[0mGET /404.html [32m200 [0m1.229 ms - 4918[0m
[0mGET /test [36m302 [0m1.032 ms - 76[0m
[0mGET /404.html [36m304 [0m0.653 ms - -[0m
[0mGET /404/analytics.js [33m404 [0m0.743 ms - 29[0m
[0mGET /404/site.js [33m404 [0m0.745 ms - 24[0m
[0mGET /404/gtm.js [33m404 [0m0.684 ms - 23[0m
[0mGET /assets/css/icons-data-svg.css?19e5c2ec [33m404 [0m0.838 ms - 51[0m
[0mGET / [32m200 [0m2.038 ms - 995[0m
[0mGET /stylesheets/style.css [32m200 [0m1.187 ms - 110[0m
[0mGET /favicon.ico [36m302 [0m0.836 ms - 44[0m
[0mGET /404.html [32m200 [0m1.202 ms - 4918[0m
[0mPOST /create [36m302 [0m1.914 ms - 58[0m
[0mGET / [32m200 [0m2.025 ms - 1283[0m
[0mGET /stylesheets/style.css [36m304 [0m0.740 ms - -[0m
[0mGET /favicon.ico [36m302 [0m0.853 ms - 44[0m
[0mGET /404.html [36m304 [0m0.601 ms - -[0m
[0mPOST /create [36m302 [0m3.106 ms - 58[0m
[0mGET / [32m200 [0m1.341 ms - 1583[0m
[0mGET /stylesheets/style.css [36m304 [0m0.707 ms - -[0m
[0mGET /favicon.ico [36m302 [0m0.694 ms - 44[0m
[0mGET /404.html [36m304 [0m0.632 ms - -[0m
[0mPOST /create [36m302 [0m1.909 ms - 58[0m
[0mGET / [32m200 [0m2.284 ms - 1901[0m
[0mGET /stylesheets/style.css [36m304 [0m0.734 ms - -[0m
[0mGET /favicon.ico [36m302 [0m0.859 ms - 44[0m
[0mGET /404.html [36m304 [0m0.673 ms - -[0m
[0mGET /destroy/549441290cf5223a2f00004b [36m302 [0m2.510 ms - 58[0m
[0mGET / [32m200 [0m2.967 ms - 1601[0m
[0mGET /stylesheets/style.css [36m304 [0m0.754 ms - -[0m
[0mGET /favicon.ico [36m302 [0m0.860 ms - 44[0m
[0mGET /404.html [36m304 [0m0.683 ms - -[0m
[0mGET /destroy/549441260cf5223a2f00004a [36m302 [0m2.480 ms - 58[0m
[0mGET / [32m200 [0m1.892 ms - 1313[0m
[0mGET /stylesheets/style.css [36m304 [0m0.777 ms - -[0m
[0mGET /favicon.ico [36m302 [0m0.835 ms - 44[0m
[0mGET /404.html [36m304 [0m0.609 ms - -[0m
[0mGET /destroy/54943edd0cf5223a2f000049 [36m302 [0m2.402 ms - 58[0m

/var/www/html/project/waiting/routes/index.js:32
    wait.remove(function(err, todo){
         ^
TypeError: Cannot call method 'remove' of null
    at Promise.<anonymous> (/var/www/html/project/waiting/routes/index.js:32:10)
    at Promise.<anonymous> (/var/www/html/project/waiting/node_modules/mongoose/node_modules/mpromise/lib/promise.js:171:8)
    at Promise.emit (events.js:95:17)
    at Promise.emit (/var/www/html/project/waiting/node_modules/mongoose/node_modules/mpromise/lib/promise.js:88:38)
    at Promise.fulfill (/var/www/html/project/waiting/node_modules/mongoose/node_modules/mpromise/lib/promise.js:101:20)
    at Object.cb (/var/www/html/project/waiting/node_modules/mongoose/lib/query.js:1164:30)
    at Object._onImmediate (/var/www/html/project/waiting/node_modules/mongoose/node_modules/mquery/lib/utils.js:126:16)
    at processImmediate [as _immediateCallback] (timers.js:345:15)
Express server listening on port 3001
[0mGET / [32m200 [0m20.525 ms - 1022[0m
[0mGET /stylesheets/style.css [36m304 [0m7.079 ms - -[0m
[0mGET /favicon.ico [36m302 [0m9.156 ms - 44[0m
[0mGET /404.html [36m304 [0m1.610 ms - -[0m
[0mGET /destroy/5494412f0cf5223a2f00004c [36m302 [0m12.383 ms - 58[0m
[0mGET / [32m200 [0m3.556 ms - 704[0m
[0mGET /stylesheets/style.css [36m304 [0m1.579 ms - -[0m
[0mGET /favicon.ico [36m302 [0m1.532 ms - 44[0m
[0mGET /404.html [36m304 [0m1.111 ms - -[0m
Express server listening on port 3001
[0mGET / [36m304 [0m15.033 ms - -[0m
[0mGET /stylesheets/style.css [36m304 [0m7.311 ms - -[0m
[0mGET /favicon.ico [36m302 [0m6.309 ms - 44[0m
[0mGET /404.html [36m304 [0m3.474 ms - -[0m
[0mPOST /create [36m302 [0m24.720 ms - 58[0m
[0mGET / [32m200 [0m9.292 ms - 1013[0m
[0mGET /stylesheets/style.css [36m304 [0m1.288 ms - -[0m
[0mGET /favicon.ico [36m302 [0m1.515 ms - 44[0m
[0mGET /404.html [36m304 [0m1.052 ms - -[0m
Express server listening on port 3001
[0mGET / [36m304 [0m21.931 ms - -[0m
[0mGET /stylesheets/style.css [36m304 [0m6.180 ms - -[0m
[0mGET /favicon.ico [36m302 [0m8.839 ms - 44[0m
[0mGET /404.html [36m304 [0m4.258 ms - -[0m
Express server listening on port 3001
[0mGET / [36m304 [0m20.917 ms - -[0m
[0mGET /stylesheets/style.css [36m304 [0m9.125 ms - -[0m
[0mGET /favicon.ico [36m302 [0m9.294 ms - 44[0m
[0mGET /404.html [36m304 [0m3.271 ms - -[0m
[0mGET / [36m304 [0m5.969 ms - -[0m
[0mGET /stylesheets/style.css [36m304 [0m1.550 ms - -[0m
[0mGET /favicon.ico [36m302 [0m2.179 ms - 44[0m
[0mGET /404.html [36m304 [0m1.400 ms - -[0m
[0mGET /%3C/a%3E [33m404 [0m2.750 ms - 21[0m
[0mGET /favicon.ico [36m302 [0m1.993 ms - 44[0m
[0mGET /404.html [36m304 [0m1.048 ms - -[0m
[0mGET /destroy/549451c7d1d081de43000001 [36m302 [0m11.573 ms - 58[0m
[0mGET / [32m200 [0m3.254 ms - 704[0m
[0mGET /stylesheets/style.css [36m304 [0m1.325 ms - -[0m
[0mGET /favicon.ico [36m302 [0m1.417 ms - 44[0m
[0mGET /404.html [36m304 [0m0.922 ms - -[0m
[0mGET / [36m304 [0m2.926 ms - -[0m
[0mGET /stylesheets/style.css [36m304 [0m1.704 ms - -[0m
[0mGET /favicon.ico [36m302 [0m2.011 ms - 44[0m
[0mGET /404.html [36m304 [0m1.547 ms - -[0m
[0mGET / [36m304 [0m3.792 ms - -[0m
[0mGET /stylesheets/style.css [36m304 [0m1.044 ms - -[0m
[0mGET /favicon.ico [36m302 [0m14.240 ms - 44[0m
[0mGET /404.html [36m304 [0m1.436 ms - -[0m

/var/www/html/project/waiting/app.js:82
  console.log( 'Express server listening on port 3301'));
                                                       ^
SyntaxError: Unexpected token )
    at Module._compile (module.js:439:25)
    at Object.Module._extensions..js (module.js:474:10)
    at Module.load (module.js:356:32)
    at Function.Module._load (module.js:312:12)
    at Function.Module.runMain (module.js:497:10)
    at startup (node.js:119:16)
    at node.js:906:3
[0mGET / [36m304 [0m4.896 ms - -[0m
[0mGET /stylesheets/style.css [36m304 [0m1.333 ms - -[0m
[0mGET /favicon.ico [36m302 [0m0.960 ms - 44[0m
[0mGET /404.html [36m304 [0m1.008 ms - -[0m

/var/www/html/project/waiting/app.js:82
  console.log( 'Express server listening on port 3301'));
                                                       ^
SyntaxError: Unexpected token )
    at Module._compile (module.js:439:25)
    at Object.Module._extensions..js (module.js:474:10)
    at Module.load (module.js:356:32)
    at Function.Module._load (module.js:312:12)
    at Function.Module.runMain (module.js:497:10)
    at startup (node.js:119:16)
    at node.js:906:3
Express server listening on port 3301
[0mGET / [32m200 [0m18.793 ms - 704[0m
[0mGET /stylesheets/style.css [32m200 [0m5.763 ms - 110[0m
[0mGET /favicon.ico [36m302 [0m6.328 ms - 44[0m
[0mGET /404.html [32m200 [0m2.545 ms - 4918[0m
[0mGET / [36m304 [0m2.199 ms - -[0m
[0mGET /stylesheets/style.css [36m304 [0m0.779 ms - -[0m
[0mGET /favicon.ico [36m302 [0m1.011 ms - 44[0m
[0mGET /404.html [36m304 [0m1.776 ms - -[0m
[0mGET /favicon.ico [36m302 [0m2.083 ms - 44[0m
[0mGET /404.html [36m304 [0m5.288 ms - -[0m
[0mGET / [32m200 [0m2.979 ms - 704[0m
[0mGET /stylesheets/style.css [32m200 [0m5.156 ms - 110[0m
[0mGET /favicon.ico [36m302 [0m0.975 ms - 44[0m
[0mGET /404.html [32m200 [0m2.080 ms - 4918[0m
[0mGET / [36m304 [0m3.608 ms - -[0m
[0mGET /stylesheets/style.css [36m304 [0m0.947 ms - -[0m
[0mGET /favicon.ico [36m302 [0m2.571 ms - 44[0m
[0mGET /404.html [36m304 [0m0.916 ms - -[0m
[0mGET / [36m304 [0m2.131 ms - -[0m
[0mGET /stylesheets/style.css [36m304 [0m1.622 ms - -[0m
[0mGET /favicon.ico [36m302 [0m1.176 ms - 44[0m
[0mGET /404.html [36m304 [0m2.940 ms - -[0m
[0mGET / [36m304 [0m2.650 ms - -[0m
[0mGET /stylesheets/style.css [36m304 [0m0.926 ms - -[0m
[0mGET /favicon.ico [36m302 [0m0.973 ms - 44[0m
[0mGET /404.html [36m304 [0m0.885 ms - -[0m
[0mGET / [36m304 [0m1.852 ms - -[0m
[0mGET /stylesheets/style.css [36m304 [0m0.699 ms - -[0m
[0mGET /favicon.ico [36m302 [0m0.907 ms - 44[0m
[0mGET /404.html [36m304 [0m0.660 ms - -[0m
Express server listening on port 3301
[0mGET / [36m304 [0m17.104 ms - -[0m
[0mGET /stylesheets/style.css [36m304 [0m3.407 ms - -[0m
[0mGET /favicon.ico [36m302 [0m8.595 ms - 44[0m
[0mGET /404.html [36m304 [0m3.704 ms - -[0m
[0mPOST /create [36m302 [0m25.832 ms - 58[0m
[0mGET / [32m200 [0m9.526 ms - 1013[0m
[0mGET /stylesheets/style.css [36m304 [0m1.294 ms - -[0m
[0mGET /favicon.ico [36m302 [0m1.683 ms - 44[0m
[0mGET /404.html [36m304 [0m1.077 ms - -[0m
[0mGET / [32m200 [0m3.445 ms - 1013[0m
[0mGET /stylesheets/style.css [36m304 [0m0.905 ms - -[0m
[0mGET /favicon.ico [36m302 [0m1.237 ms - 44[0m
[0mGET /404.html [36m304 [0m0.768 ms - -[0m
[0mGET / [36m304 [0m3.928 ms - -[0m
[0mGET /stylesheets/style.css [36m304 [0m0.953 ms - -[0m
[0mGET /favicon.ico [36m302 [0m15.366 ms - 44[0m
[0mGET /404.html [36m304 [0m1.163 ms - -[0m
[0mGET / [36m304 [0m3.434 ms - -[0m
[0mGET /stylesheets/style.css [36m304 [0m0.889 ms - -[0m
[0mGET /favicon.ico [36m302 [0m1.107 ms - 44[0m
[0mGET /404.html [36m304 [0m1.270 ms - -[0m
Express server listening on port 3301
[0mGET / [36m304 [0m18.308 ms - -[0m
[0mGET /stylesheets/style.css [36m304 [0m9.180 ms - -[0m
[0mGET /favicon.ico [36m302 [0m9.192 ms - 44[0m
[0mGET /404.html [36m304 [0m1.843 ms - -[0m
[0mGET / [36m304 [0m5.027 ms - -[0m
[0mGET /stylesheets/style.css [36m304 [0m1.533 ms - -[0m
[0mGET /favicon.ico [36m302 [0m1.513 ms - 44[0m
[0mGET /404.html [36m304 [0m1.309 ms - -[0m
[0mGET / [36m304 [0m3.269 ms - -[0m
[0mGET /stylesheets/style.css [36m304 [0m1.693 ms - -[0m
[0mGET /favicon.ico [36m302 [0m1.331 ms - 44[0m
[0mGET /404.html [36m304 [0m1.177 ms - -[0m
[0mGET /stylesheets/style.css [36m304 [0m1.464 ms - -[0m
[0mGET / [36m304 [0m3.557 ms - -[0m
[0mGET /stylesheets/style.css [36m304 [0m1.990 ms - -[0m
[0mGET /favicon.ico [36m302 [0m1.102 ms - 44[0m
[0mGET /404.html [36m304 [0m1.574 ms - -[0m
[0mGET / [36m304 [0m5.470 ms - -[0m
[0mGET /stylesheets/style.css [36m304 [0m1.988 ms - -[0m
[0mGET /favicon.ico [36m302 [0m1.207 ms - 44[0m
[0mGET /404.html [36m304 [0m1.558 ms - -[0m
[0mGET /%3C/a%3E [33m404 [0m3.380 ms - 21[0m
[0mGET /favicon.ico [36m302 [0m15.552 ms - 44[0m
[0mGET /404.html [36m304 [0m1.455 ms - -[0m
Express server listening on port 3301
[0mGET / [36m304 [0m18.320 ms - -[0m
[0mGET /stylesheets/style.css [36m304 [0m8.241 ms - -[0m
NOT favicon.ico
[0mGET /favicon.ico [36m302 [0m6.627 ms - 44[0m
[0mGET /404.html [36m304 [0m3.347 ms - -[0m
[0mGET / [32m200 [0m6.259 ms - 1301[0m
[0mGET /stylesheets/style.css [32m200 [0m5.537 ms - 110[0m
NOT favicon.ico
[0mGET /favicon.ico [36m302 [0m1.927 ms - 44[0m
[0mGET /404.html [32m200 [0m2.540 ms - 4918[0m
[0mGET / [36m304 [0m5.949 ms - -[0m
[0mGET /stylesheets/style.css [36m304 [0m0.874 ms - -[0m
NOT favicon.ico
[0mGET /favicon.ico [36m302 [0m1.298 ms - 44[0m
[0mGET /404.html [36m304 [0m3.142 ms - -[0m
[0mPOST /create [36m302 [0m31.128 ms - 58[0m
[0mGET / [32m200 [0m3.853 ms - 1673[0m
[0mGET /stylesheets/style.css [36m304 [0m0.944 ms - -[0m
NOT favicon.ico
[0mGET /favicon.ico [36m302 [0m1.036 ms - 44[0m
[0mGET /404.html [36m304 [0m1.352 ms - -[0m
[0mPOST /create [36m302 [0m4.577 ms - 58[0m
[0mGET / [32m200 [0m3.148 ms - 2015[0m
[0mGET /stylesheets/style.css [36m304 [0m0.734 ms - -[0m
NOT favicon.ico
[0mGET /favicon.ico [36m302 [0m0.786 ms - 44[0m
[0mGET /404.html [36m304 [0m2.075 ms - -[0m
[0mPOST /create [36m302 [0m2.205 ms - 58[0m
[0mGET / [32m200 [0m5.916 ms - 2435[0m
[0mGET /stylesheets/style.css [36m304 [0m0.846 ms - -[0m
NOT favicon.ico
[0mGET /favicon.ico [36m302 [0m1.653 ms - 44[0m
[0mGET /404.html [36m304 [0m1.185 ms - -[0m
NOT favicon.ico
[0mGET /favicon.ico [36m302 [0m1.047 ms - 44[0m
[0mGET /404.html [36m304 [0m1.016 ms - -[0m
NOT favicon.ico
[0mGET /favicon.ico [36m302 [0m1.214 ms - 44[0m
[0mGET /404.html [36m304 [0m1.092 ms - -[0m
NOT favicon.ico
[0mGET /favicon.ico [36m302 [0m1.081 ms - 44[0m
[0mGET /404.html [36m304 [0m1.299 ms - -[0m
NOT favicon.ico
[0mGET /favicon.ico [36m302 [0m1.058 ms - 44[0m
[0mGET /404.html [36m304 [0m0.739 ms - -[0m
[0mGET / [36m304 [0m2.761 ms - -[0m
[0mGET /stylesheets/style.css [36m304 [0m1.718 ms - -[0m
NOT favicon.ico
[0mGET /favicon.ico [36m302 [0m0.995 ms - 44[0m
[0mGET /404.html [36m304 [0m0.730 ms - -[0m
[0mPOST /create [36m302 [0m3.550 ms - 58[0m
[0mGET / [32m200 [0m5.937 ms - 2747[0m
[0mGET /stylesheets/style.css [36m304 [0m0.690 ms - -[0m
NOT favicon.ico
[0mGET /favicon.ico [36m302 [0m0.983 ms - 44[0m
[0mGET /404.html [36m304 [0m2.347 ms - -[0m
[0mGET /%3Ca%20/%3E [33m404 [0m2.149 ms - 24[0m
NOT favicon.ico
[0mGET /favicon.ico [36m302 [0m0.989 ms - 44[0m
[0mGET /404.html [36m304 [0m0.750 ms - -[0m
[0mGET /destroy/549463950aa143e146000004 [36m302 [0m7.083 ms - 58[0m
[0mGET / [32m200 [0m3.390 ms - 2435[0m
[0mGET /stylesheets/style.css [36m304 [0m0.659 ms - -[0m
NOT favicon.ico
[0mGET /favicon.ico [36m302 [0m0.833 ms - 44[0m
[0mGET /404.html [36m304 [0m0.687 ms - -[0m
[0mPOST /create [36m302 [0m3.318 ms - 58[0m
[0mGET / [32m200 [0m3.748 ms - 2828[0m
[0mGET /stylesheets/style.css [36m304 [0m0.751 ms - -[0m
NOT favicon.ico
[0mGET /favicon.ico [36m302 [0m0.835 ms - 44[0m
[0mGET /404.html [36m304 [0m0.764 ms - -[0m
NOT favicon.ico
[0mGET /favicon.ico [36m302 [0m0.942 ms - 44[0m
[0mGET /404.html [36m304 [0m0.729 ms - -[0m
[0mGET /destroy/549463c50aa143e146000005 [36m302 [0m2.361 ms - 58[0m
[0mGET / [32m200 [0m4.622 ms - 2435[0m
[0mGET /stylesheets/style.css [36m304 [0m0.721 ms - -[0m
NOT favicon.ico
[0mGET /favicon.ico [36m302 [0m0.955 ms - 44[0m
[0mGET /404.html [36m304 [0m1.786 ms - -[0m
[0mPOST /create [36m302 [0m2.831 ms - 58[0m
[0mGET / [32m200 [0m2.635 ms - 2807[0m
[0mGET /stylesheets/style.css [36m304 [0m0.742 ms - -[0m
NOT favicon.ico
[0mGET /favicon.ico [36m302 [0m0.864 ms - 44[0m
[0mGET /404.html [36m304 [0m0.642 ms - -[0m
[0mGET /destroy/549464100aa143e146000006 [36m302 [0m5.406 ms - 58[0m
[0mGET / [32m200 [0m2.569 ms - 2435[0m
[0mGET /stylesheets/style.css [36m304 [0m0.673 ms - -[0m
NOT favicon.ico
[0mGET /favicon.ico [36m302 [0m0.820 ms - 44[0m
[0mGET /404.html [36m304 [0m0.577 ms - -[0m
[0mPOST /create [36m302 [0m2.241 ms - 58[0m
[0mGET / [32m200 [0m5.025 ms - 2807[0m
[0mGET /stylesheets/style.css [36m304 [0m0.758 ms - -[0m
NOT favicon.ico
[0mGET /favicon.ico [36m302 [0m0.783 ms - 44[0m
[0mGET /404.html [36m304 [0m0.943 ms - -[0m
[0mGET /destroy/5494642f0aa143e146000007 [36m302 [0m2.509 ms - 58[0m
[0mGET / [32m200 [0m3.535 ms - 2435[0m
[0mGET /stylesheets/style.css [36m304 [0m0.890 ms - -[0m
NOT favicon.ico
[0mGET /favicon.ico [36m302 [0m0.927 ms - 44[0m
[0mGET /404.html [36m304 [0m0.732 ms - -[0m
[0mPOST /create [36m302 [0m2.270 ms - 58[0m
[0mGET / [32m200 [0m7.635 ms - 2858[0m
[0mGET /stylesheets/style.css [36m304 [0m0.806 ms - -[0m
NOT favicon.ico
[0mGET /favicon.ico [36m302 [0m0.944 ms - 44[0m
[0mGET /404.html [36m304 [0m0.710 ms - -[0m
NOT favicon.ico
[0mGET /favicon.ico [36m302 [0m1.106 ms - 44[0m
[0mGET /404.html [36m304 [0m0.715 ms - -[0m
NOT favicon.ico
[0mGET /favicon.ico [36m302 [0m1.044 ms - 44[0m
[0mGET /404.html [36m304 [0m0.746 ms - -[0m
[0mGET / [36m304 [0m4.673 ms - -[0m
[0mGET /stylesheets/style.css [36m304 [0m0.687 ms - -[0m
NOT favicon.ico
[0mGET /favicon.ico [36m302 [0m1.985 ms - 44[0m
[0mGET /404.html [36m304 [0m0.739 ms - -[0m
[0mGET / [32m200 [0m3.056 ms - 2858[0m
[0mGET /stylesheets/style.css [36m304 [0m0.969 ms - -[0m
NOT favicon.ico
[0mGET /favicon.ico [36m302 [0m1.121 ms - 44[0m
[0mGET /404.html [36m304 [0m0.931 ms - -[0m
[0mGET /stylesheets/style.css [36m304 [0m1.000 ms - -[0m
[0mGET /stylesheets/style.css [36m304 [0m0.982 ms - -[0m
[0mGET /stylesheets/style.css [36m304 [0m1.292 ms - -[0m
[0mGET / [36m304 [0m3.022 ms - -[0m
[0mGET /stylesheets/style.css [36m304 [0m0.963 ms - -[0m
NOT favicon.ico
[0mGET /favicon.ico [36m302 [0m1.176 ms - 44[0m
[0mGET /404.html [36m304 [0m0.966 ms - -[0m
[0mPOST /create [36m302 [0m3.454 ms - 58[0m
[0mGET / [32m200 [0m4.611 ms - 3260[0m
[0mGET /stylesheets/style.css [36m304 [0m0.891 ms - -[0m
NOT favicon.ico
[0mGET /favicon.ico [36m302 [0m1.070 ms - 44[0m
[0mGET /404.html [36m304 [0m0.952 ms - -[0m
[0mPOST /create [36m302 [0m11.891 ms - 58[0m
[0mGET / [32m200 [0m4.631 ms - 4145[0m
[0mGET /stylesheets/style.css [36m304 [0m0.892 ms - -[0m
NOT favicon.ico
[0mGET /favicon.ico [36m302 [0m1.104 ms - 44[0m
[0mGET /404.html [36m304 [0m0.833 ms - -[0m
[0mGET / [36m304 [0m80.161 ms - -[0m
[0mGET /stylesheets/style.css [36m304 [0m0.885 ms - -[0m
NOT favicon.ico
[0mGET /favicon.ico [36m302 [0m1.003 ms - 44[0m
[0mGET /404.html [36m304 [0m0.857 ms - -[0m
[0mGET / [36m304 [0m7.359 ms - -[0m
[0mGET /stylesheets/style.css [36m304 [0m0.825 ms - -[0m
NOT favicon.ico
[0mGET /favicon.ico [36m302 [0m1.068 ms - 44[0m
[0mGET /404.html [36m304 [0m0.949 ms - -[0m

events.js:72
        throw er; // Unhandled 'error' event
              ^
Error: failed to connect to [localhost:27017]
    at null.<anonymous> (/var/www/html/project/waiting/node_modules/mongoose/node_modules/mongodb/lib/mongodb/connection/server.js:540:74)
    at emit (events.js:106:17)
    at null.<anonymous> (/var/www/html/project/waiting/node_modules/mongoose/node_modules/mongodb/lib/mongodb/connection/connection_pool.js:140:15)
    at emit (events.js:98:17)
    at Socket.<anonymous> (/var/www/html/project/waiting/node_modules/mongoose/node_modules/mongodb/lib/mongodb/connection/connection.js:478:10)
    at Socket.emit (events.js:95:17)
    at net.js:440:14
    at process._tickCallback (node.js:419:13)
Express server listening on port 3301
[0mGET / [36m304 [0m69.409 ms - -[0m
[0mGET /stylesheets/style.css [36m304 [0m9.437 ms - -[0m
NOT favicon.ico
[0mGET /favicon.ico [36m302 [0m9.255 ms - 44[0m
[0mGET /404.html [36m304 [0m4.538 ms - -[0m
[0mGET / [32m200 [0m9.586 ms - 4145[0m
[0mGET /stylesheets/style.css [32m200 [0m25.865 ms - 110[0m
NOT favicon.ico
[0mGET /favicon.ico [36m302 [0m1.126 ms - 44[0m
[0mGET /404.html [32m200 [0m17.041 ms - 4918[0m
[0mGET / [32m200 [0m6.051 ms - 4145[0m
NOT favicon.ico
[0mGET /favicon.ico [36m302 [0m1.222 ms - 0[0m
[0mGET /404.html [32m200 [0m2.463 ms - 4918[0m
[0mGET / [36m304 [0m2.708 ms - -[0m
[0mGET /stylesheets/style.css [36m304 [0m0.686 ms - -[0m
NOT favicon.ico
[0mGET /favicon.ico [36m302 [0m0.749 ms - 44[0m
[0mGET /404.html [36m304 [0m0.897 ms - -[0m
[0mGET / [32m200 [0m20.896 ms - 4145[0m
[0mGET /stylesheets/style.css [32m200 [0m1.962 ms - 110[0m
[0mGET / [36m304 [0m4.851 ms - -[0m
[0mGET /stylesheets/style.css [36m304 [0m1.013 ms - -[0m
NOT favicon.ico
[0mGET /favicon.ico [36m302 [0m1.663 ms - 44[0m
[0mGET /404.html [36m304 [0m1.006 ms - -[0m
[0mPOST /create [36m302 [0m75.679 ms - 58[0m
[0mGET / [32m200 [0m4.473 ms - 4697[0m
[0mGET /stylesheets/style.css [36m304 [0m2.217 ms - -[0m
NOT favicon.ico
[0mGET /favicon.ico [36m302 [0m1.121 ms - 44[0m
[0mGET /404.html [36m304 [0m0.993 ms - -[0m
[0mGET / [36m304 [0m7.011 ms - -[0m
[0mGET /stylesheets/style.css [36m304 [0m0.720 ms - -[0m
NOT favicon.ico
[0mGET /favicon.ico [36m302 [0m1.272 ms - 44[0m
[0mGET /404.html [36m304 [0m1.529 ms - -[0m
[0mPOST /create [36m302 [0m5.090 ms - 58[0m
[0mGET / [32m200 [0m3.798 ms - 5168[0m
[0mGET /stylesheets/style.css [36m304 [0m1.556 ms - -[0m
NOT favicon.ico
[0mGET /favicon.ico [36m302 [0m1.126 ms - 44[0m
[0mGET /404.html [36m304 [0m0.974 ms - -[0m
[0mGET / [32m200 [0m5.547 ms - 5168[0m
[0mGET /stylesheets/style.css [36m304 [0m0.721 ms - -[0m
NOT favicon.ico
[0mGET /favicon.ico [36m302 [0m1.285 ms - 44[0m
[0mGET /404.html [36m304 [0m0.464 ms - -[0m
[0mGET / [32m200 [0m2.733 ms - 5168[0m
NOT favicon.ico
[0mGET /favicon.ico [36m302 [0m2.716 ms - 0[0m
[0mGET /404.html [32m200 [0m1.431 ms - 4918[0m
[0mGET / [32m200 [0m4.351 ms - 5168[0m
NOT favicon.ico
[0mGET /favicon.ico [36m302 [0m1.302 ms - 44[0m
[0mGET / [32m200 [0m4.907 ms - 5168[0m
NOT apple-touch-icon-precomposed.png
[0mGET /apple-touch-icon-precomposed.png [36m302 [0m1.061 ms - 44[0m
[0mGET /404.html [32m200 [0m3.380 ms - 4918[0m
NOT apple-touch-icon.png
[0mGET /apple-touch-icon.png [36m302 [0m1.119 ms - 44[0m
[0mGET /404.html [32m200 [0m1.249 ms - 4918[0m
[0mGET / [36m304 [0m4.333 ms - -[0m
[0mGET /stylesheets/style.css [36m304 [0m0.895 ms - -[0m
NOT favicon.ico
[0mGET /favicon.ico [36m302 [0m3.469 ms - 44[0m
[0mGET /404.html [36m304 [0m0.803 ms - -[0m
